# column   1     --> step : The current simulation time step.
# column   2     --> time{picosecond} : The elapsed simulation time.
# column   3     --> conserved : The value of the conserved energy quantity per bead.
# column   4     --> temperature{kelvin} : The current temperature, as obtained from the MD kinetic energy.
# column   5     --> potential : The physical system potential energy.
    0.00000000e+00     0.00000000e+00     3.87714317e+00     2.98899132e+02    -4.40170858e-01   
    8.00000000e+01     2.00000000e-02     3.88826417e+00     3.00598930e+02    -1.83039089e-01   
    1.60000000e+02     4.00000000e-02     3.88744137e+00     3.00995021e+02    -1.73559056e-01   
    2.40000000e+02     6.00000000e-02     3.88805205e+00     3.05343326e+02    -1.69997247e-01   
    3.20000000e+02     8.00000000e-02     3.88918648e+00     3.00991636e+02    -1.86291298e-01   
    4.00000000e+02     1.00000000e-01     3.88898379e+00     3.04066484e+02    -1.98088153e-01   
    4.80000000e+02     1.20000000e-01     3.88976325e+00     3.02780432e+02    -1.61074522e-01   
    5.60000000e+02     1.40000000e-01     3.88986780e+00     3.13769354e+02    -1.68187137e-01   
    6.40000000e+02     1.60000000e-01     3.89036925e+00     3.03085375e+02    -1.69364558e-01   
    7.20000000e+02     1.80000000e-01     3.89037497e+00     3.03656784e+02    -1.76419657e-01   
    8.00000000e+02     2.00000000e-01     3.89108953e+00     2.94511283e+02    -1.82134338e-01   
    8.80000000e+02     2.20000000e-01     3.89073222e+00     3.11355888e+02    -1.96439661e-01   
    9.60000000e+02     2.40000000e-01     3.89085379e+00     3.12005933e+02    -2.00610984e-01   
    1.04000000e+03     2.60000000e-01     3.89164633e+00     2.99848075e+02    -1.95513936e-01   
    1.12000000e+03     2.80000000e-01     3.89174120e+00     3.04779948e+02    -1.76489955e-01   
    1.20000000e+03     3.00000000e-01     3.89105939e+00     3.04422617e+02    -1.90141581e-01   
    1.28000000e+03     3.20000000e-01     3.89151384e+00     2.96252830e+02    -1.89787123e-01   
    1.36000000e+03     3.40000000e-01     3.89132222e+00     3.00428414e+02    -1.92292923e-01   
    1.44000000e+03     3.60000000e-01     3.89074982e+00     3.06712041e+02    -2.14798671e-01   
    1.52000000e+03     3.80000000e-01     3.89111699e+00     3.06622505e+02    -1.87646738e-01   
    1.60000000e+03     4.00000000e-01     3.89021881e+00     3.01151387e+02    -1.86320186e-01   
    1.68000000e+03     4.20000000e-01     3.89029251e+00     3.08542540e+02    -1.84278835e-01   
    1.76000000e+03     4.40000000e-01     3.89016363e+00     3.08281674e+02    -2.03448638e-01   
    1.84000000e+03     4.60000000e-01     3.89032745e+00     3.06232307e+02    -2.04578950e-01   
    1.92000000e+03     4.80000000e-01     3.88987996e+00     3.08630582e+02    -1.94352716e-01   
    2.00000000e+03     5.00000000e-01     3.88992414e+00     3.08965405e+02    -2.10058383e-01   
    2.08000000e+03     5.20000000e-01     3.88971588e+00     3.08125564e+02    -1.80060820e-01   
    2.16000000e+03     5.40000000e-01     3.89047575e+00     3.03259587e+02    -1.73637300e-01   
    2.24000000e+03     5.60000000e-01     3.89045891e+00     2.99452946e+02    -1.86387510e-01   
    2.32000000e+03     5.80000000e-01     3.89046640e+00     3.04909038e+02    -1.66545469e-01   
    2.40000000e+03     6.00000000e-01     3.89041229e+00     3.00978888e+02    -1.67848062e-01   
    2.48000000e+03     6.20000000e-01     3.89105865e+00     3.02252173e+02    -1.49466622e-01   
    2.56000000e+03     6.40000000e-01     3.88980336e+00     2.99836010e+02    -1.90647929e-01   
    2.64000000e+03     6.60000000e-01     3.89037869e+00     3.06341705e+02    -1.82422240e-01   
    2.72000000e+03     6.80000000e-01     3.89117249e+00     2.98386240e+02    -1.94308696e-01   
    2.80000000e+03     7.00000000e-01     3.89183667e+00     3.09626781e+02    -1.73770422e-01   
    2.88000000e+03     7.20000000e-01     3.89145858e+00     3.04572542e+02    -1.72048870e-01   
    2.96000000e+03     7.40000000e-01     3.89205577e+00     3.01832771e+02    -1.98102776e-01   
    3.04000000e+03     7.60000000e-01     3.89305753e+00     3.03130474e+02    -1.65728730e-01   
    3.12000000e+03     7.80000000e-01     3.89302162e+00     3.08889741e+02    -1.79506204e-01   
    3.20000000e+03     8.00000000e-01     3.89319756e+00     3.02738683e+02    -1.87580383e-01   
    3.28000000e+03     8.20000000e-01     3.89358531e+00     2.99862668e+02    -1.97467783e-01   
    3.36000000e+03     8.40000000e-01     3.89275580e+00     2.93358784e+02    -1.94361727e-01   
    3.44000000e+03     8.60000000e-01     3.89398896e+00     3.06903572e+02    -2.00042705e-01   
    3.52000000e+03     8.80000000e-01     3.89401561e+00     3.03806700e+02    -2.04012225e-01   
    3.60000000e+03     9.00000000e-01     3.89350708e+00     3.06625606e+02    -2.08719424e-01   
    3.68000000e+03     9.20000000e-01     3.89343066e+00     3.12264805e+02    -1.86809569e-01   
    3.76000000e+03     9.40000000e-01     3.89409316e+00     3.00876873e+02    -1.93458401e-01   
    3.84000000e+03     9.60000000e-01     3.89397978e+00     3.05750064e+02    -2.00506164e-01   
    3.92000000e+03     9.80000000e-01     3.89454997e+00     2.96296112e+02    -1.89200738e-01   
    4.00000000e+03     1.00000000e+00     3.89450168e+00     3.02126182e+02    -2.02249261e-01   
    4.08000000e+03     1.02000000e+00     3.89492581e+00     3.02668331e+02    -1.86588864e-01   
    4.16000000e+03     1.04000000e+00     3.89540781e+00     2.94950086e+02    -1.73653299e-01   
    4.24000000e+03     1.06000000e+00     3.89543500e+00     3.05091569e+02    -1.94874385e-01   
    4.32000000e+03     1.08000000e+00     3.89556628e+00     3.03241646e+02    -2.00956282e-01   
    4.40000000e+03     1.10000000e+00     3.89685182e+00     3.06595578e+02    -2.17643380e-01   
    4.48000000e+03     1.12000000e+00     3.89757437e+00     2.90648686e+02    -1.77086208e-01   
    4.56000000e+03     1.14000000e+00     3.89739258e+00     3.00663847e+02    -1.89744517e-01   
    4.64000000e+03     1.16000000e+00     3.89801867e+00     2.99878232e+02    -2.12011000e-01   
    4.72000000e+03     1.18000000e+00     3.89769340e+00     3.09300297e+02    -2.19785791e-01   
    4.80000000e+03     1.20000000e+00     3.89896561e+00     3.01137539e+02    -2.02378279e-01   
    4.88000000e+03     1.22000000e+00     3.89846982e+00     2.98332393e+02    -2.24060123e-01   
    4.96000000e+03     1.24000000e+00     3.89898701e+00     2.92774982e+02    -2.02202141e-01   
    5.04000000e+03     1.26000000e+00     3.89881727e+00     2.94570367e+02    -2.06899374e-01   
    5.12000000e+03     1.28000000e+00     3.89837129e+00     3.01522988e+02    -2.21569567e-01   
    5.20000000e+03     1.30000000e+00     3.89925417e+00     3.00335999e+02    -2.02722439e-01   
    5.28000000e+03     1.32000000e+00     3.89858408e+00     3.02711135e+02    -2.01181663e-01   
    5.36000000e+03     1.34000000e+00     3.89854825e+00     2.96533642e+02    -2.08260369e-01   
    5.44000000e+03     1.36000000e+00     3.89739126e+00     2.98882739e+02    -2.23192853e-01   
    5.52000000e+03     1.38000000e+00     3.89854941e+00     3.03534362e+02    -2.11031715e-01   
    5.60000000e+03     1.40000000e+00     3.89783485e+00     2.99609742e+02    -2.05397176e-01   
    5.68000000e+03     1.42000000e+00     3.89825578e+00     2.95718193e+02    -2.03333893e-01   
    5.76000000e+03     1.44000000e+00     3.89902396e+00     2.99767634e+02    -1.99050016e-01   
    5.84000000e+03     1.46000000e+00     3.89899750e+00     3.04820231e+02    -1.80801157e-01   
    5.92000000e+03     1.48000000e+00     3.89832755e+00     2.96808176e+02    -1.82790683e-01   
    6.00000000e+03     1.50000000e+00     3.89879289e+00     3.02469236e+02    -1.82182762e-01   
    6.08000000e+03     1.52000000e+00     3.90003224e+00     3.07781524e+02    -1.65290620e-01   
    6.16000000e+03     1.54000000e+00     3.89938876e+00     3.01198886e+02    -1.72888061e-01   
    6.24000000e+03     1.56000000e+00     3.90012756e+00     2.98763108e+02    -1.74739932e-01   
    6.32000000e+03     1.58000000e+00     3.90007287e+00     2.98867565e+02    -1.70059407e-01   
    6.40000000e+03     1.60000000e+00     3.89969945e+00     3.03643846e+02    -1.83609956e-01   
    6.48000000e+03     1.62000000e+00     3.90033469e+00     3.04108400e+02    -1.81406105e-01   
    6.56000000e+03     1.64000000e+00     3.90009347e+00     3.02382043e+02    -1.92309454e-01   
    6.64000000e+03     1.66000000e+00     3.89976891e+00     3.03129853e+02    -2.02309855e-01   
    6.72000000e+03     1.68000000e+00     3.90021369e+00     3.05309844e+02    -1.92018218e-01   
    6.80000000e+03     1.70000000e+00     3.90025718e+00     2.98750162e+02    -2.09497683e-01   
    6.88000000e+03     1.72000000e+00     3.89952667e+00     3.04555549e+02    -2.11417889e-01   
    6.96000000e+03     1.74000000e+00     3.90062899e+00     3.08012533e+02    -2.03504711e-01   
    7.04000000e+03     1.76000000e+00     3.90084863e+00     2.97532057e+02    -1.87710701e-01   
    7.12000000e+03     1.78000000e+00     3.89976356e+00     2.97610440e+02    -1.92004065e-01   
    7.20000000e+03     1.80000000e+00     3.89967682e+00     2.97494662e+02    -2.03642188e-01   
    7.28000000e+03     1.82000000e+00     3.90053676e+00     3.06427583e+02    -1.80764128e-01   
    7.36000000e+03     1.84000000e+00     3.89956395e+00     3.06085142e+02    -2.09235394e-01   
    7.44000000e+03     1.86000000e+00     3.90018714e+00     2.96143249e+02    -1.87461462e-01   
    7.52000000e+03     1.88000000e+00     3.90048769e+00     2.96520775e+02    -2.07483437e-01   
    7.60000000e+03     1.90000000e+00     3.89968628e+00     3.01180281e+02    -2.08523065e-01   
    7.68000000e+03     1.92000000e+00     3.89964248e+00     3.03284037e+02    -2.08356981e-01   
    7.76000000e+03     1.94000000e+00     3.89956477e+00     3.08897885e+02    -2.29595163e-01   
    7.84000000e+03     1.96000000e+00     3.89879658e+00     3.12754368e+02    -1.98181736e-01   
    7.92000000e+03     1.98000000e+00     3.89898319e+00     3.07680231e+02    -2.00288573e-01   
    8.00000000e+03     2.00000000e+00     3.89935123e+00     3.08351882e+02    -2.04453092e-01   
    8.08000000e+03     2.02000000e+00     3.89990568e+00     3.01494248e+02    -2.32994029e-01   
    8.16000000e+03     2.04000000e+00     3.90009040e+00     3.05805732e+02    -2.49134042e-01   
    8.24000000e+03     2.06000000e+00     3.90132054e+00     3.06838453e+02    -1.90795629e-01   
    8.32000000e+03     2.08000000e+00     3.90096178e+00     2.96425805e+02    -2.04747005e-01   
    8.40000000e+03     2.10000000e+00     3.90132341e+00     3.09161461e+02    -2.14377532e-01   
    8.48000000e+03     2.12000000e+00     3.90102646e+00     3.05508541e+02    -2.19592669e-01   
    8.56000000e+03     2.14000000e+00     3.90020282e+00     2.95931954e+02    -2.00375268e-01   
    8.64000000e+03     2.16000000e+00     3.90091311e+00     3.00534514e+02    -2.21644955e-01   
    8.72000000e+03     2.18000000e+00     3.90188389e+00     3.03069549e+02    -2.30562597e-01   
    8.80000000e+03     2.20000000e+00     3.90157010e+00     3.06117996e+02    -1.95726719e-01   
    8.88000000e+03     2.22000000e+00     3.90209971e+00     2.96824873e+02    -2.06701668e-01   
    8.96000000e+03     2.24000000e+00     3.90200079e+00     3.04270192e+02    -1.80462809e-01   
    9.04000000e+03     2.26000000e+00     3.90268559e+00     3.03443794e+02    -1.84543441e-01   
    9.12000000e+03     2.28000000e+00     3.90229134e+00     3.04813443e+02    -1.99899240e-01   
    9.20000000e+03     2.30000000e+00     3.90250113e+00     3.03957817e+02    -1.96414348e-01   
    9.28000000e+03     2.32000000e+00     3.90277777e+00     2.93726855e+02    -1.85775136e-01   
    9.36000000e+03     2.34000000e+00     3.90218795e+00     2.99989948e+02    -2.11929180e-01   
    9.44000000e+03     2.36000000e+00     3.90291920e+00     3.04885086e+02    -2.13393092e-01   
    9.52000000e+03     2.38000000e+00     3.90367607e+00     2.99739233e+02    -2.03555324e-01   
    9.60000000e+03     2.40000000e+00     3.90397014e+00     3.05683886e+02    -1.95167807e-01   
    9.68000000e+03     2.42000000e+00     3.90405351e+00     3.08745576e+02    -2.09179769e-01   
    9.76000000e+03     2.44000000e+00     3.90386236e+00     3.01722820e+02    -2.06012112e-01   
    9.84000000e+03     2.46000000e+00     3.90380883e+00     2.91438947e+02    -2.16818277e-01   
    9.92000000e+03     2.48000000e+00     3.90400631e+00     3.05058819e+02    -2.06029605e-01   
    1.00000000e+04     2.50000000e+00     3.90445157e+00     3.00666039e+02    -2.12855279e-01   
    1.00800000e+04     2.52000000e+00     3.90477528e+00     3.00577440e+02    -2.04615328e-01   
    1.01600000e+04     2.54000000e+00     3.90493360e+00     3.05730541e+02    -2.04108860e-01   
    1.02400000e+04     2.56000000e+00     3.90506920e+00     3.04382429e+02    -2.14723174e-01   
    1.03200000e+04     2.58000000e+00     3.90486304e+00     3.09075453e+02    -2.03187137e-01   
    1.04000000e+04     2.60000000e+00     3.90383585e+00     3.07506978e+02    -2.03737427e-01   
    1.04800000e+04     2.62000000e+00     3.90375729e+00     3.08420573e+02    -2.06819540e-01   
    1.05600000e+04     2.64000000e+00     3.90396670e+00     3.00317186e+02    -1.88857505e-01   
    1.06400000e+04     2.66000000e+00     3.90348312e+00     3.03868081e+02    -1.94336135e-01   
    1.07200000e+04     2.68000000e+00     3.90338463e+00     3.01111770e+02    -2.15941661e-01   
    1.08000000e+04     2.70000000e+00     3.90364300e+00     2.97729908e+02    -2.00798917e-01   
    1.08800000e+04     2.72000000e+00     3.90350397e+00     2.96624257e+02    -1.99657991e-01   
    1.09600000e+04     2.74000000e+00     3.90310231e+00     3.05736399e+02    -1.92755953e-01   
    1.10400000e+04     2.76000000e+00     3.90314081e+00     2.98179519e+02    -2.25756872e-01   
    1.11200000e+04     2.78000000e+00     3.90360624e+00     3.07060223e+02    -2.18875425e-01   
    1.12000000e+04     2.80000000e+00     3.90350892e+00     3.03749028e+02    -2.49714150e-01   
    1.12800000e+04     2.82000000e+00     3.90379106e+00     3.05927621e+02    -2.17493164e-01   
    1.13600000e+04     2.84000000e+00     3.90368761e+00     3.02459634e+02    -2.21006621e-01   
    1.14400000e+04     2.86000000e+00     3.90418586e+00     3.13862764e+02    -1.99996534e-01   
    1.15200000e+04     2.88000000e+00     3.90356290e+00     3.02656068e+02    -2.11430267e-01   
    1.16000000e+04     2.90000000e+00     3.90336856e+00     3.01320040e+02    -2.07624781e-01   
    1.16800000e+04     2.92000000e+00     3.90287477e+00     2.96267101e+02    -2.08840846e-01   
    1.17600000e+04     2.94000000e+00     3.90206054e+00     2.99318966e+02    -2.11065545e-01   
    1.18400000e+04     2.96000000e+00     3.90313810e+00     3.04408027e+02    -2.20955899e-01   
    1.19200000e+04     2.98000000e+00     3.90337379e+00     3.08458899e+02    -2.16901551e-01   
    1.20000000e+04     3.00000000e+00     3.90396525e+00     2.99720788e+02    -2.07404723e-01   
    1.20800000e+04     3.02000000e+00     3.90446696e+00     3.05786133e+02    -2.09528883e-01   
    1.21600000e+04     3.04000000e+00     3.90446128e+00     2.95628033e+02    -1.99784727e-01   
    1.22400000e+04     3.06000000e+00     3.90421450e+00     3.02435355e+02    -1.99126933e-01   
    1.23200000e+04     3.08000000e+00     3.90360074e+00     3.13700682e+02    -2.14594633e-01   
    1.24000000e+04     3.10000000e+00     3.90404562e+00     3.11431256e+02    -2.04022876e-01   
    1.24800000e+04     3.12000000e+00     3.90348453e+00     3.00146196e+02    -2.09511510e-01   
    1.25600000e+04     3.14000000e+00     3.90338296e+00     3.04418426e+02    -2.25494825e-01   
    1.26400000e+04     3.16000000e+00     3.90288228e+00     2.95089049e+02    -1.95692155e-01   
    1.27200000e+04     3.18000000e+00     3.90336121e+00     3.02209735e+02    -2.04403230e-01   
    1.28000000e+04     3.20000000e+00     3.90269730e+00     3.05424732e+02    -2.28469298e-01   
    1.28800000e+04     3.22000000e+00     3.90332733e+00     3.00551979e+02    -2.13660956e-01   
    1.29600000e+04     3.24000000e+00     3.90315737e+00     3.01591259e+02    -2.12663222e-01   
    1.30400000e+04     3.26000000e+00     3.90413999e+00     2.97746839e+02    -2.05813189e-01   
    1.31200000e+04     3.28000000e+00     3.90427250e+00     3.01744882e+02    -2.05770742e-01   
    1.32000000e+04     3.30000000e+00     3.90500173e+00     3.03068936e+02    -2.01230981e-01   
    1.32800000e+04     3.32000000e+00     3.90454003e+00     3.03058119e+02    -1.96616121e-01   
    1.33600000e+04     3.34000000e+00     3.90472428e+00     3.11282529e+02    -1.91289222e-01   
    1.34400000e+04     3.36000000e+00     3.90468663e+00     3.06148272e+02    -1.93402893e-01   
    1.35200000e+04     3.38000000e+00     3.90523526e+00     2.98807388e+02    -2.06546827e-01   
    1.36000000e+04     3.40000000e+00     3.90588668e+00     3.02611943e+02    -1.56679900e-01   
    1.36800000e+04     3.42000000e+00     3.90580993e+00     3.04748845e+02    -2.02144676e-01   
    1.37600000e+04     3.44000000e+00     3.90593835e+00     3.09307529e+02    -1.94981431e-01   
    1.38400000e+04     3.46000000e+00     3.90665685e+00     3.01966974e+02    -1.92052614e-01   
    1.39200000e+04     3.48000000e+00     3.90585053e+00     3.04124172e+02    -1.85334894e-01   
    1.40000000e+04     3.50000000e+00     3.90556949e+00     3.10335820e+02    -1.86340599e-01   
    1.40800000e+04     3.52000000e+00     3.90609867e+00     3.06338644e+02    -1.72569458e-01   
    1.41600000e+04     3.54000000e+00     3.90596462e+00     3.05665450e+02    -1.85041833e-01   
    1.42400000e+04     3.56000000e+00     3.90631564e+00     3.04705357e+02    -1.95552502e-01   
    1.43200000e+04     3.58000000e+00     3.90578926e+00     3.00438622e+02    -1.97059719e-01   
    1.44000000e+04     3.60000000e+00     3.90631644e+00     2.99650581e+02    -1.78038223e-01   
    1.44800000e+04     3.62000000e+00     3.90625327e+00     2.99350151e+02    -1.97165311e-01   
    1.45600000e+04     3.64000000e+00     3.90658603e+00     2.99984137e+02    -1.71969920e-01   
    1.46400000e+04     3.66000000e+00     3.90738245e+00     3.09326347e+02    -1.68595116e-01   
    1.47200000e+04     3.68000000e+00     3.90739818e+00     3.01536277e+02    -1.86661607e-01   
    1.48000000e+04     3.70000000e+00     3.90687568e+00     3.10399450e+02    -1.82674967e-01   
    1.48800000e+04     3.72000000e+00     3.90804686e+00     3.02531692e+02    -1.91947494e-01   
    1.49600000e+04     3.74000000e+00     3.90726484e+00     3.05340182e+02    -2.03857179e-01   
    1.50400000e+04     3.76000000e+00     3.90801254e+00     2.98333514e+02    -1.68660356e-01   
    1.51200000e+04     3.78000000e+00     3.90842975e+00     2.99768893e+02    -2.03857841e-01   
    1.52000000e+04     3.80000000e+00     3.90820558e+00     3.10481107e+02    -1.87139188e-01   
    1.52800000e+04     3.82000000e+00     3.90820945e+00     2.95642248e+02    -1.88988206e-01   
    1.53600000e+04     3.84000000e+00     3.90812169e+00     3.03445960e+02    -1.93262420e-01   
    1.54400000e+04     3.86000000e+00     3.90789398e+00     3.09278599e+02    -1.80977243e-01   
    1.55200000e+04     3.88000000e+00     3.90793444e+00     2.99814396e+02    -1.74336704e-01   
    1.56000000e+04     3.90000000e+00     3.90787065e+00     2.94190410e+02    -1.93826054e-01   
    1.56800000e+04     3.92000000e+00     3.90744781e+00     3.03650368e+02    -1.95852261e-01   
    1.57600000e+04     3.94000000e+00     3.90845969e+00     2.98490839e+02    -2.00660812e-01   
    1.58400000e+04     3.96000000e+00     3.90804149e+00     3.00367724e+02    -2.03552123e-01   
    1.59200000e+04     3.98000000e+00     3.90858964e+00     3.04864223e+02    -1.83254340e-01   
    1.60000000e+04     4.00000000e+00     3.90847269e+00     3.06386763e+02    -1.70437319e-01   
    1.60800000e+04     4.02000000e+00     3.90886146e+00     3.02890930e+02    -2.00394126e-01   
    1.61600000e+04     4.04000000e+00     3.90819217e+00     3.03041998e+02    -1.82617360e-01   
    1.62400000e+04     4.06000000e+00     3.90873937e+00     3.01305876e+02    -1.58934821e-01   
    1.63200000e+04     4.08000000e+00     3.90809049e+00     3.04843356e+02    -2.05935267e-01   
    1.64000000e+04     4.10000000e+00     3.90863908e+00     3.08254159e+02    -1.65455647e-01   
    1.64800000e+04     4.12000000e+00     3.90808493e+00     3.13301094e+02    -1.79880030e-01   
    1.65600000e+04     4.14000000e+00     3.90823136e+00     3.10757648e+02    -1.92795413e-01   
    1.66400000e+04     4.16000000e+00     3.90838013e+00     2.98957147e+02    -1.79279130e-01   
    1.67200000e+04     4.18000000e+00     3.90814694e+00     3.00477663e+02    -2.04485243e-01   
    1.68000000e+04     4.20000000e+00     3.90774498e+00     3.06402073e+02    -1.96819555e-01   
    1.68800000e+04     4.22000000e+00     3.90807212e+00     2.97651075e+02    -1.77580532e-01   
    1.69600000e+04     4.24000000e+00     3.90887659e+00     3.09807486e+02    -1.96950114e-01   
    1.70400000e+04     4.26000000e+00     3.90817801e+00     2.96105342e+02    -1.69698556e-01   
    1.71200000e+04     4.28000000e+00     3.90872965e+00     3.05704398e+02    -1.73196476e-01   
    1.72000000e+04     4.30000000e+00     3.90876533e+00     3.00446448e+02    -1.88132926e-01   
    1.72800000e+04     4.32000000e+00     3.90954264e+00     3.05032001e+02    -1.51264323e-01   
    1.73600000e+04     4.34000000e+00     3.91002424e+00     2.95034416e+02    -1.80636504e-01   
    1.74400000e+04     4.36000000e+00     3.91004151e+00     2.98684343e+02    -1.77746346e-01   
    1.75200000e+04     4.38000000e+00     3.91085315e+00     2.99452635e+02    -1.63467261e-01   
    1.76000000e+04     4.40000000e+00     3.91003720e+00     3.04772191e+02    -1.83762283e-01   
    1.76800000e+04     4.42000000e+00     3.91042151e+00     3.01414389e+02    -1.83608271e-01   
    1.77600000e+04     4.44000000e+00     3.91038553e+00     3.06487260e+02    -1.89511350e-01   
    1.78400000e+04     4.46000000e+00     3.91114829e+00     3.09477584e+02    -1.86620845e-01   
    1.79200000e+04     4.48000000e+00     3.91186748e+00     3.07748965e+02    -1.53428926e-01   
    1.80000000e+04     4.50000000e+00     3.91207367e+00     3.01663642e+02    -1.66261982e-01   
    1.80800000e+04     4.52000000e+00     3.91185194e+00     3.09014800e+02    -1.92389995e-01   
    1.81600000e+04     4.54000000e+00     3.91190918e+00     2.96140160e+02    -1.62577358e-01   
    1.82400000e+04     4.56000000e+00     3.91245884e+00     2.98466994e+02    -1.84451789e-01   
    1.83200000e+04     4.58000000e+00     3.91325399e+00     3.03341463e+02    -1.80400334e-01   
    1.84000000e+04     4.60000000e+00     3.91402746e+00     3.03688133e+02    -1.70821111e-01   
    1.84800000e+04     4.62000000e+00     3.91440214e+00     3.00733159e+02    -1.93581172e-01   
    1.85600000e+04     4.64000000e+00     3.91476859e+00     2.93524146e+02    -1.77494951e-01   
    1.86400000e+04     4.66000000e+00     3.91430403e+00     3.14187238e+02    -1.93130228e-01   
    1.87200000e+04     4.68000000e+00     3.91335695e+00     3.00202292e+02    -2.17064963e-01   
    1.88000000e+04     4.70000000e+00     3.91446142e+00     3.08530353e+02    -1.86535382e-01   
    1.88800000e+04     4.72000000e+00     3.91504203e+00     3.03322080e+02    -1.91694231e-01   
    1.89600000e+04     4.74000000e+00     3.91501599e+00     3.08746552e+02    -1.85783885e-01   
    1.90400000e+04     4.76000000e+00     3.91465449e+00     2.98261268e+02    -1.86644802e-01   
    1.91200000e+04     4.78000000e+00     3.91476063e+00     3.01234237e+02    -1.71528651e-01   
    1.92000000e+04     4.80000000e+00     3.91539727e+00     2.94522236e+02    -1.61337138e-01   
    1.92800000e+04     4.82000000e+00     3.91540267e+00     2.98983842e+02    -1.89801959e-01   
    1.93600000e+04     4.84000000e+00     3.91609526e+00     3.06274746e+02    -1.75163190e-01   
    1.94400000e+04     4.86000000e+00     3.91550988e+00     3.11281600e+02    -1.77548626e-01   
    1.95200000e+04     4.88000000e+00     3.91665951e+00     2.97903353e+02    -1.65449288e-01   
    1.96000000e+04     4.90000000e+00     3.91721981e+00     3.01472270e+02    -1.86573112e-01   
    1.96800000e+04     4.92000000e+00     3.91658993e+00     3.03658738e+02    -1.65032236e-01   
    1.97600000e+04     4.94000000e+00     3.91663918e+00     2.95990788e+02    -1.72415450e-01   
    1.98400000e+04     4.96000000e+00     3.91629212e+00     3.09055659e+02    -1.71028280e-01   
    1.99200000e+04     4.98000000e+00     3.91660739e+00     2.98973355e+02    -1.60137133e-01   
    2.00000000e+04     5.00000000e+00     3.91706480e+00     3.15872197e+02    -1.65156637e-01   
