# column   1     --> step : The current simulation time step.
# column   2     --> time{picosecond} : The elapsed simulation time.
# column   3     --> conserved : The value of the conserved energy quantity per bead.
# column   4     --> temperature{kelvin} : The current temperature, as obtained from the MD kinetic energy.
# column   5     --> potential : The physical system potential energy.
    0.00000000e+00     0.00000000e+00    -2.49679487e-01     2.86262201e+02    -3.79971564e-01   
    4.00000000e+01     2.00000000e-02    -2.49673143e-01     3.54638028e+02    -4.10655219e-01   
    8.00000000e+01     4.00000000e-02    -2.49648638e-01     3.52939436e+02    -4.07940363e-01   
    1.20000000e+02     6.00000000e-02    -2.49823815e-01     3.43322694e+02    -4.11237866e-01   
    1.60000000e+02     8.00000000e-02    -2.49922755e-01     3.65206765e+02    -4.27979431e-01   
    2.00000000e+02     1.00000000e-01    -2.49732120e-01     3.37193810e+02    -4.15132771e-01   
    2.40000000e+02     1.20000000e-01    -2.49710573e-01     3.03070951e+02    -4.12205101e-01   
    2.80000000e+02     1.40000000e-01    -2.49713455e-01     3.05116599e+02    -4.10467696e-01   
    3.20000000e+02     1.60000000e-01    -2.49720084e-01     2.89719296e+02    -4.03525394e-01   
    3.60000000e+02     1.80000000e-01    -2.49786007e-01     2.75284333e+02    -4.02526557e-01   
    4.00000000e+02     2.00000000e-01    -2.49780065e-01     2.60472883e+02    -3.97088636e-01   
    4.40000000e+02     2.20000000e-01    -2.49729779e-01     3.09206387e+02    -4.20391813e-01   
    4.80000000e+02     2.40000000e-01    -2.49832325e-01     3.01118720e+02    -4.24331522e-01   
    5.20000000e+02     2.60000000e-01    -2.49903513e-01     2.94028499e+02    -4.28558739e-01   
    5.60000000e+02     2.80000000e-01    -2.49886335e-01     2.99002863e+02    -4.32386417e-01   
    6.00000000e+02     3.00000000e-01    -2.49944249e-01     2.76948864e+02    -4.31158657e-01   
    6.40000000e+02     3.20000000e-01    -2.49911380e-01     3.00547013e+02    -4.35674195e-01   
    6.80000000e+02     3.40000000e-01    -2.49867822e-01     3.04190880e+02    -4.36191279e-01   
    7.20000000e+02     3.60000000e-01    -2.49912768e-01     3.17482428e+02    -4.46295606e-01   
    7.60000000e+02     3.80000000e-01    -2.49943594e-01     2.93599302e+02    -4.43942824e-01   
    8.00000000e+02     4.00000000e-01    -2.49944658e-01     2.75231292e+02    -4.41405977e-01   
    8.40000000e+02     4.20000000e-01    -2.49991119e-01     3.04449116e+02    -4.59293225e-01   
    8.80000000e+02     4.40000000e-01    -2.49969933e-01     2.77091367e+02    -4.45343910e-01   
    9.20000000e+02     4.60000000e-01    -2.49944219e-01     2.90908061e+02    -4.57130655e-01   
    9.60000000e+02     4.80000000e-01    -2.49792802e-01     2.69295829e+02    -4.43419925e-01   
    1.00000000e+03     5.00000000e-01    -2.49877329e-01     3.02166761e+02    -4.53593364e-01   
    1.04000000e+03     5.20000000e-01    -2.49935526e-01     2.79914637e+02    -4.53019882e-01   
    1.08000000e+03     5.40000000e-01    -2.49962081e-01     2.92867612e+02    -4.53383000e-01   
    1.12000000e+03     5.60000000e-01    -2.49950747e-01     2.67535716e+02    -4.47036606e-01   
    1.16000000e+03     5.80000000e-01    -2.49932888e-01     2.50206000e+02    -4.36335339e-01   
    1.20000000e+03     6.00000000e-01    -2.50045412e-01     3.05551802e+02    -4.62158531e-01   
    1.24000000e+03     6.20000000e-01    -2.50032200e-01     2.99603312e+02    -4.62755063e-01   
    1.28000000e+03     6.40000000e-01    -2.50011462e-01     2.88353669e+02    -4.49745870e-01   
    1.32000000e+03     6.60000000e-01    -2.49977896e-01     2.80406578e+02    -4.58217682e-01   
    1.36000000e+03     6.80000000e-01    -2.50071057e-01     2.95048252e+02    -4.59660723e-01   
    1.40000000e+03     7.00000000e-01    -2.50009462e-01     2.87531563e+02    -4.58027187e-01   
    1.44000000e+03     7.20000000e-01    -2.49958507e-01     2.95416162e+02    -4.60371957e-01   
    1.48000000e+03     7.40000000e-01    -2.49993470e-01     2.97581314e+02    -4.59738061e-01   
    1.52000000e+03     7.60000000e-01    -2.50012464e-01     3.00557162e+02    -4.61245497e-01   
    1.56000000e+03     7.80000000e-01    -2.50035033e-01     2.96095969e+02    -4.61109683e-01   
    1.60000000e+03     8.00000000e-01    -2.49901401e-01     2.88724549e+02    -4.48856788e-01   
    1.64000000e+03     8.20000000e-01    -2.49958864e-01     3.02748810e+02    -4.44327879e-01   
    1.68000000e+03     8.40000000e-01    -2.49960628e-01     2.97159751e+02    -4.39675759e-01   
    1.72000000e+03     8.60000000e-01    -2.49951858e-01     2.94858883e+02    -4.46147318e-01   
    1.76000000e+03     8.80000000e-01    -2.49917556e-01     3.07838126e+02    -4.48786640e-01   
    1.80000000e+03     9.00000000e-01    -2.49887954e-01     2.80691457e+02    -4.34051766e-01   
    1.84000000e+03     9.20000000e-01    -2.49971761e-01     3.00822734e+02    -4.37749332e-01   
    1.88000000e+03     9.40000000e-01    -2.49927839e-01     3.58569179e+02    -4.59729062e-01   
    1.92000000e+03     9.60000000e-01    -2.49815779e-01     2.73162916e+02    -4.32257273e-01   
    1.96000000e+03     9.80000000e-01    -2.49870011e-01     2.84140192e+02    -4.36981491e-01   
    2.00000000e+03     1.00000000e+00    -2.49970316e-01     2.99774538e+02    -4.40007806e-01   
    2.04000000e+03     1.02000000e+00    -2.49930930e-01     3.41913051e+02    -4.51654042e-01   
    2.08000000e+03     1.04000000e+00    -2.49850243e-01     3.32444612e+02    -4.36149692e-01   
    2.12000000e+03     1.06000000e+00    -2.49954479e-01     3.27884854e+02    -4.36723546e-01   
    2.16000000e+03     1.08000000e+00    -2.49878277e-01     3.23080056e+02    -4.34200979e-01   
    2.20000000e+03     1.10000000e+00    -2.49767315e-01     3.22755497e+02    -4.37633259e-01   
    2.24000000e+03     1.12000000e+00    -2.49910832e-01     3.21577841e+02    -4.46098405e-01   
    2.28000000e+03     1.14000000e+00    -2.50049933e-01     3.33195732e+02    -4.61038750e-01   
    2.32000000e+03     1.16000000e+00    -2.50069272e-01     3.31311358e+02    -4.58670562e-01   
    2.36000000e+03     1.18000000e+00    -2.49907003e-01     3.05500747e+02    -4.38290833e-01   
    2.40000000e+03     1.20000000e+00    -2.49683004e-01     2.89336925e+02    -4.26026646e-01   
    2.44000000e+03     1.22000000e+00    -2.49855038e-01     2.97468564e+02    -4.41852573e-01   
    2.48000000e+03     1.24000000e+00    -2.49973482e-01     3.37175818e+02    -4.60019843e-01   
    2.52000000e+03     1.26000000e+00    -2.49962253e-01     3.20200761e+02    -4.37908667e-01   
    2.56000000e+03     1.28000000e+00    -2.49864717e-01     2.67994942e+02    -4.24816129e-01   
    2.60000000e+03     1.30000000e+00    -2.49695166e-01     2.97617189e+02    -4.33469529e-01   
    2.64000000e+03     1.32000000e+00    -2.49831717e-01     2.90803580e+02    -4.28732928e-01   
    2.68000000e+03     1.34000000e+00    -2.49885247e-01     2.98999851e+02    -4.29756240e-01   
    2.72000000e+03     1.36000000e+00    -2.49958760e-01     3.35130868e+02    -4.54156738e-01   
    2.76000000e+03     1.38000000e+00    -2.50042231e-01     3.28387913e+02    -4.59082029e-01   
    2.80000000e+03     1.40000000e+00    -2.49888469e-01     2.92473685e+02    -4.42647115e-01   
    2.84000000e+03     1.42000000e+00    -2.49846278e-01     3.17982731e+02    -4.49248560e-01   
    2.88000000e+03     1.44000000e+00    -2.49961662e-01     3.49373075e+02    -4.53501665e-01   
    2.92000000e+03     1.46000000e+00    -2.50004293e-01     3.61089163e+02    -4.58871113e-01   
    2.96000000e+03     1.48000000e+00    -2.50005920e-01     3.23242739e+02    -4.42555663e-01   
    3.00000000e+03     1.50000000e+00    -2.49752256e-01     3.03641605e+02    -4.19508357e-01   
    3.04000000e+03     1.52000000e+00    -2.49781927e-01     2.85935655e+02    -4.23640761e-01   
    3.08000000e+03     1.54000000e+00    -2.49938802e-01     3.25100920e+02    -4.43861459e-01   
    3.12000000e+03     1.56000000e+00    -2.49938673e-01     3.17306018e+02    -4.43097113e-01   
    3.16000000e+03     1.58000000e+00    -2.49872176e-01     2.94559580e+02    -4.34072215e-01   
    3.20000000e+03     1.60000000e+00    -2.49827103e-01     2.46561370e+02    -4.13592650e-01   
    3.24000000e+03     1.62000000e+00    -2.49895803e-01     3.18761733e+02    -4.51129338e-01   
    3.28000000e+03     1.64000000e+00    -2.50013633e-01     3.04597943e+02    -4.49546825e-01   
    3.32000000e+03     1.66000000e+00    -2.49981899e-01     2.83268665e+02    -4.44765156e-01   
    3.36000000e+03     1.68000000e+00    -2.49990264e-01     2.81311358e+02    -4.41857843e-01   
    3.40000000e+03     1.70000000e+00    -2.49888914e-01     3.10805269e+02    -4.40115539e-01   
    3.44000000e+03     1.72000000e+00    -2.49955154e-01     2.88408165e+02    -4.30064959e-01   
    3.48000000e+03     1.74000000e+00    -2.49874979e-01     3.53372655e+02    -4.40138017e-01   
    3.52000000e+03     1.76000000e+00    -2.49810763e-01     3.05683196e+02    -4.20039574e-01   
    3.56000000e+03     1.78000000e+00    -2.49903775e-01     2.97507561e+02    -4.28419942e-01   
    3.60000000e+03     1.80000000e+00    -2.49819346e-01     2.91797638e+02    -4.34559700e-01   
    3.64000000e+03     1.82000000e+00    -2.50031520e-01     2.89070297e+02    -4.37686089e-01   
    3.68000000e+03     1.84000000e+00    -2.49953079e-01     2.90176412e+02    -4.35889588e-01   
    3.72000000e+03     1.86000000e+00    -2.49883657e-01     2.75474424e+02    -4.24199564e-01   
    3.76000000e+03     1.88000000e+00    -2.49809842e-01     2.44500292e+02    -4.21637201e-01   
    3.80000000e+03     1.90000000e+00    -2.49709035e-01     2.58296241e+02    -4.22651781e-01   
    3.84000000e+03     1.92000000e+00    -2.50072927e-01     2.90876568e+02    -4.45998395e-01   
    3.88000000e+03     1.94000000e+00    -2.49934404e-01     2.71129492e+02    -4.33251912e-01   
    3.92000000e+03     1.96000000e+00    -2.49970941e-01     2.79078023e+02    -4.38232687e-01   
    3.96000000e+03     1.98000000e+00    -2.50058420e-01     3.03945488e+02    -4.43168058e-01   
    4.00000000e+03     2.00000000e+00    -2.49815352e-01     2.91936270e+02    -4.35299409e-01   
    4.04000000e+03     2.02000000e+00    -2.49988449e-01     3.03289628e+02    -4.46049799e-01   
    4.08000000e+03     2.04000000e+00    -2.49985316e-01     3.39201789e+02    -4.53792084e-01   
    4.12000000e+03     2.06000000e+00    -2.50053316e-01     2.82599269e+02    -4.42515335e-01   
    4.16000000e+03     2.08000000e+00    -2.49927083e-01     2.99582193e+02    -4.50285903e-01   
    4.20000000e+03     2.10000000e+00    -2.49981143e-01     2.75749900e+02    -4.44748674e-01   
    4.24000000e+03     2.12000000e+00    -2.49929443e-01     2.94304684e+02    -4.50466483e-01   
    4.28000000e+03     2.14000000e+00    -2.50016385e-01     2.92809333e+02    -4.46222376e-01   
    4.32000000e+03     2.16000000e+00    -2.49929472e-01     2.71196328e+02    -4.26214123e-01   
    4.36000000e+03     2.18000000e+00    -2.49797962e-01     2.91142352e+02    -4.32958074e-01   
    4.40000000e+03     2.20000000e+00    -2.49928866e-01     3.25681795e+02    -4.48843091e-01   
    4.44000000e+03     2.22000000e+00    -2.50024284e-01     3.16951075e+02    -4.42061274e-01   
    4.48000000e+03     2.24000000e+00    -2.50073918e-01     3.26433559e+02    -4.46695432e-01   
    4.52000000e+03     2.26000000e+00    -2.49907444e-01     3.09042277e+02    -4.35423786e-01   
    4.56000000e+03     2.28000000e+00    -2.49724002e-01     2.75685682e+02    -4.27468006e-01   
    4.60000000e+03     2.30000000e+00    -2.50137733e-01     3.16816223e+02    -4.52430021e-01   
    4.64000000e+03     2.32000000e+00    -2.49801930e-01     2.81034812e+02    -4.33379962e-01   
    4.68000000e+03     2.34000000e+00    -2.49869517e-01     2.80071617e+02    -4.31763434e-01   
    4.72000000e+03     2.36000000e+00    -2.49850568e-01     2.86575960e+02    -4.28166808e-01   
    4.76000000e+03     2.38000000e+00    -2.49965490e-01     3.13888824e+02    -4.40108270e-01   
    4.80000000e+03     2.40000000e+00    -2.49917624e-01     3.18501306e+02    -4.35402596e-01   
    4.84000000e+03     2.42000000e+00    -2.50062853e-01     2.99670522e+02    -4.22086880e-01   
    4.88000000e+03     2.44000000e+00    -2.49745514e-01     2.93328688e+02    -4.10920032e-01   
    4.92000000e+03     2.46000000e+00    -2.49520918e-01     3.00444515e+02    -4.08610353e-01   
    4.96000000e+03     2.48000000e+00    -2.49663590e-01     3.24125017e+02    -4.13160953e-01   
    5.00000000e+03     2.50000000e+00    -2.49812865e-01     3.69026168e+02    -4.35835218e-01   
    5.04000000e+03     2.52000000e+00    -2.50124193e-01     3.50065018e+02    -4.34987612e-01   
    5.08000000e+03     2.54000000e+00    -2.49933815e-01     3.55821572e+02    -4.39601357e-01   
    5.12000000e+03     2.56000000e+00    -2.49840288e-01     3.15099360e+02    -4.11560946e-01   
    5.16000000e+03     2.58000000e+00    -2.49840250e-01     3.37317682e+02    -4.23459250e-01   
    5.20000000e+03     2.60000000e+00    -2.49814832e-01     3.25150598e+02    -4.18937248e-01   
    5.24000000e+03     2.62000000e+00    -2.49875773e-01     3.13402060e+02    -4.12505770e-01   
    5.28000000e+03     2.64000000e+00    -2.49847148e-01     3.07018235e+02    -4.15162086e-01   
    5.32000000e+03     2.66000000e+00    -2.50078823e-01     3.27985228e+02    -4.28633519e-01   
    5.36000000e+03     2.68000000e+00    -2.49884943e-01     3.12399673e+02    -4.31737337e-01   
    5.40000000e+03     2.70000000e+00    -2.49617530e-01     3.28270906e+02    -4.18645318e-01   
    5.44000000e+03     2.72000000e+00    -2.49756030e-01     3.22425408e+02    -4.13740113e-01   
    5.48000000e+03     2.74000000e+00    -2.49582453e-01     3.27935185e+02    -4.07586289e-01   
    5.52000000e+03     2.76000000e+00    -2.49765981e-01     3.03954439e+02    -4.12711161e-01   
    5.56000000e+03     2.78000000e+00    -2.49900409e-01     3.42060207e+02    -4.37831400e-01   
    5.60000000e+03     2.80000000e+00    -2.49928862e-01     3.32561635e+02    -4.30004312e-01   
    5.64000000e+03     2.82000000e+00    -2.49893945e-01     3.12523844e+02    -4.17626416e-01   
    5.68000000e+03     2.84000000e+00    -2.49726063e-01     3.20280859e+02    -4.18267433e-01   
    5.72000000e+03     2.86000000e+00    -2.49776224e-01     3.17949997e+02    -4.23092498e-01   
    5.76000000e+03     2.88000000e+00    -2.49829035e-01     3.44371998e+02    -4.29286410e-01   
    5.80000000e+03     2.90000000e+00    -2.49760760e-01     2.98347448e+02    -4.16846562e-01   
    5.84000000e+03     2.92000000e+00    -2.49756481e-01     2.93714796e+02    -4.10994365e-01   
    5.88000000e+03     2.94000000e+00    -2.49763469e-01     3.25698668e+02    -4.30640492e-01   
    5.92000000e+03     2.96000000e+00    -2.49900523e-01     3.24883895e+02    -4.25631666e-01   
    5.96000000e+03     2.98000000e+00    -2.49752765e-01     2.96785393e+02    -4.19694398e-01   
    6.00000000e+03     3.00000000e+00    -2.49911239e-01     3.10417064e+02    -4.27115364e-01   
    6.04000000e+03     3.02000000e+00    -2.49656870e-01     2.84083937e+02    -4.18944066e-01   
    6.08000000e+03     3.04000000e+00    -2.49671753e-01     2.58032129e+02    -4.13651366e-01   
    6.12000000e+03     3.06000000e+00    -2.49972517e-01     2.97451451e+02    -4.34783910e-01   
    6.16000000e+03     3.08000000e+00    -2.49922727e-01     2.98696344e+02    -4.17970547e-01   
    6.20000000e+03     3.10000000e+00    -2.49869383e-01     3.09981832e+02    -4.26989449e-01   
    6.24000000e+03     3.12000000e+00    -2.49804719e-01     3.13304923e+02    -4.31933083e-01   
    6.28000000e+03     3.14000000e+00    -2.49765616e-01     2.94170577e+02    -4.34965626e-01   
    6.32000000e+03     3.16000000e+00    -2.49927065e-01     3.04982578e+02    -4.41174392e-01   
    6.36000000e+03     3.18000000e+00    -2.49840671e-01     2.96217830e+02    -4.32234714e-01   
    6.40000000e+03     3.20000000e+00    -2.49914753e-01     2.94102266e+02    -4.32717301e-01   
    6.44000000e+03     3.22000000e+00    -2.50192384e-01     3.06673826e+02    -4.47649521e-01   
    6.48000000e+03     3.24000000e+00    -2.49953108e-01     2.90628290e+02    -4.43604288e-01   
    6.52000000e+03     3.26000000e+00    -2.49853351e-01     2.59326637e+02    -4.25626741e-01   
    6.56000000e+03     3.28000000e+00    -2.49960034e-01     2.98486990e+02    -4.30435246e-01   
    6.60000000e+03     3.30000000e+00    -2.49726555e-01     2.85760727e+02    -4.23240657e-01   
    6.64000000e+03     3.32000000e+00    -2.49882014e-01     2.86416335e+02    -4.23250932e-01   
    6.68000000e+03     3.34000000e+00    -2.49870307e-01     2.95833944e+02    -4.32672291e-01   
    6.72000000e+03     3.36000000e+00    -2.49832943e-01     2.88141274e+02    -4.32598820e-01   
    6.76000000e+03     3.38000000e+00    -2.50025929e-01     3.49792530e+02    -4.48865485e-01   
    6.80000000e+03     3.40000000e+00    -2.49992086e-01     3.23801995e+02    -4.39601412e-01   
    6.84000000e+03     3.42000000e+00    -2.49788649e-01     3.02060910e+02    -4.25291189e-01   
    6.88000000e+03     3.44000000e+00    -2.49778098e-01     2.99660365e+02    -4.27277968e-01   
    6.92000000e+03     3.46000000e+00    -2.49990530e-01     3.53801937e+02    -4.51661865e-01   
    6.96000000e+03     3.48000000e+00    -2.49935357e-01     3.07854670e+02    -4.36280063e-01   
    7.00000000e+03     3.50000000e+00    -2.49749838e-01     2.94749567e+02    -4.22793963e-01   
    7.04000000e+03     3.52000000e+00    -2.49788499e-01     2.64069102e+02    -4.21909119e-01   
    7.08000000e+03     3.54000000e+00    -2.49809841e-01     2.81602295e+02    -4.30794875e-01   
    7.12000000e+03     3.56000000e+00    -2.49880387e-01     2.90023111e+02    -4.31959682e-01   
    7.16000000e+03     3.58000000e+00    -2.50030509e-01     2.93813259e+02    -4.31785469e-01   
    7.20000000e+03     3.60000000e+00    -2.49818049e-01     2.87005968e+02    -4.26760582e-01   
    7.24000000e+03     3.62000000e+00    -2.49827766e-01     3.01135036e+02    -4.23187097e-01   
    7.28000000e+03     3.64000000e+00    -2.49923230e-01     3.16199936e+02    -4.35275805e-01   
    7.32000000e+03     3.66000000e+00    -2.49869556e-01     2.96529353e+02    -4.28152476e-01   
    7.36000000e+03     3.68000000e+00    -2.49925212e-01     3.26895739e+02    -4.49580659e-01   
    7.40000000e+03     3.70000000e+00    -2.49794155e-01     3.16400147e+02    -4.31922391e-01   
    7.44000000e+03     3.72000000e+00    -2.49850835e-01     2.88414232e+02    -4.15686278e-01   
    7.48000000e+03     3.74000000e+00    -2.49713293e-01     2.93435654e+02    -4.21793842e-01   
    7.52000000e+03     3.76000000e+00    -2.49811867e-01     2.97985074e+02    -4.31443306e-01   
    7.56000000e+03     3.78000000e+00    -2.49996016e-01     2.98418734e+02    -4.24368113e-01   
    7.60000000e+03     3.80000000e+00    -2.49844622e-01     2.78743749e+02    -4.10272705e-01   
    7.64000000e+03     3.82000000e+00    -2.49755503e-01     2.85044950e+02    -4.13040728e-01   
    7.68000000e+03     3.84000000e+00    -2.49797780e-01     2.93860540e+02    -4.17862488e-01   
    7.72000000e+03     3.86000000e+00    -2.49909870e-01     3.25962701e+02    -4.49904168e-01   
    7.76000000e+03     3.88000000e+00    -2.50033749e-01     3.03039785e+02    -4.43240249e-01   
    7.80000000e+03     3.90000000e+00    -2.49970840e-01     3.44076144e+02    -4.55579442e-01   
    7.84000000e+03     3.92000000e+00    -2.49990036e-01     3.24998913e+02    -4.54594955e-01   
    7.88000000e+03     3.94000000e+00    -2.49958470e-01     2.89794783e+02    -4.43987671e-01   
    7.92000000e+03     3.96000000e+00    -2.49847115e-01     2.68872766e+02    -4.45852964e-01   
    7.96000000e+03     3.98000000e+00    -2.49938857e-01     2.75082345e+02    -4.46547855e-01   
    8.00000000e+03     4.00000000e+00    -2.49989392e-01     2.55985030e+02    -4.43854598e-01   
    8.04000000e+03     4.02000000e+00    -2.49838279e-01     2.37713144e+02    -4.29392008e-01   
    8.08000000e+03     4.04000000e+00    -2.49914927e-01     3.06518371e+02    -4.51970919e-01   
    8.12000000e+03     4.06000000e+00    -2.49911941e-01     2.96667108e+02    -4.32985325e-01   
    8.16000000e+03     4.08000000e+00    -2.49766844e-01     2.87990739e+02    -4.34416612e-01   
    8.20000000e+03     4.10000000e+00    -2.49723873e-01     2.75860698e+02    -4.33295592e-01   
    8.24000000e+03     4.12000000e+00    -2.49903014e-01     2.67272254e+02    -4.29382569e-01   
    8.28000000e+03     4.14000000e+00    -2.50039638e-01     2.75009220e+02    -4.43334636e-01   
    8.32000000e+03     4.16000000e+00    -2.49871149e-01     2.68651259e+02    -4.34278204e-01   
    8.36000000e+03     4.18000000e+00    -2.49967981e-01     2.71939639e+02    -4.36753848e-01   
    8.40000000e+03     4.20000000e+00    -2.49889624e-01     2.45144546e+02    -4.33087687e-01   
    8.44000000e+03     4.22000000e+00    -2.49750703e-01     2.53701706e+02    -4.34455085e-01   
    8.48000000e+03     4.24000000e+00    -2.49956929e-01     2.74481865e+02    -4.51348165e-01   
    8.52000000e+03     4.26000000e+00    -2.50062810e-01     2.85656581e+02    -4.53251744e-01   
    8.56000000e+03     4.28000000e+00    -2.50053861e-01     2.81893228e+02    -4.40396468e-01   
    8.60000000e+03     4.30000000e+00    -2.50085136e-01     3.24890422e+02    -4.53446180e-01   
    8.64000000e+03     4.32000000e+00    -2.49995183e-01     3.35037833e+02    -4.47744061e-01   
    8.68000000e+03     4.34000000e+00    -2.49949089e-01     2.90318141e+02    -4.31063651e-01   
    8.72000000e+03     4.36000000e+00    -2.49938650e-01     3.34978575e+02    -4.50649295e-01   
    8.76000000e+03     4.38000000e+00    -2.49925595e-01     3.19622590e+02    -4.42135517e-01   
    8.80000000e+03     4.40000000e+00    -2.49891380e-01     2.94645832e+02    -4.33907983e-01   
    8.84000000e+03     4.42000000e+00    -2.49933893e-01     2.95162032e+02    -4.31216811e-01   
    8.88000000e+03     4.44000000e+00    -2.50053447e-01     3.47631536e+02    -4.54993249e-01   
    8.92000000e+03     4.46000000e+00    -2.49998065e-01     3.15713857e+02    -4.41957446e-01   
    8.96000000e+03     4.48000000e+00    -2.49926661e-01     3.38394150e+02    -4.46269096e-01   
    9.00000000e+03     4.50000000e+00    -2.49864225e-01     2.97316140e+02    -4.34625027e-01   
    9.04000000e+03     4.52000000e+00    -2.49914457e-01     3.36553748e+02    -4.46487570e-01   
    9.08000000e+03     4.54000000e+00    -2.49937874e-01     3.08816171e+02    -4.27984028e-01   
    9.12000000e+03     4.56000000e+00    -2.49997412e-01     3.05829013e+02    -4.36310295e-01   
    9.16000000e+03     4.58000000e+00    -2.50182096e-01     3.28437911e+02    -4.47182210e-01   
    9.20000000e+03     4.60000000e+00    -2.49894946e-01     3.11316598e+02    -4.33735005e-01   
    9.24000000e+03     4.62000000e+00    -2.49789027e-01     3.10111291e+02    -4.33571916e-01   
    9.28000000e+03     4.64000000e+00    -2.49890897e-01     3.06449738e+02    -4.27932392e-01   
    9.32000000e+03     4.66000000e+00    -2.49874998e-01     3.27151760e+02    -4.24733021e-01   
    9.36000000e+03     4.68000000e+00    -2.49711031e-01     3.06509561e+02    -4.20206435e-01   
    9.40000000e+03     4.70000000e+00    -2.49947352e-01     3.51015951e+02    -4.46350464e-01   
    9.44000000e+03     4.72000000e+00    -2.49824755e-01     3.42416157e+02    -4.41713902e-01   
    9.48000000e+03     4.74000000e+00    -2.49941860e-01     3.29008192e+02    -4.37121684e-01   
    9.52000000e+03     4.76000000e+00    -2.50022449e-01     3.36004235e+02    -4.40821750e-01   
    9.56000000e+03     4.78000000e+00    -2.49699666e-01     2.99732804e+02    -4.11235776e-01   
    9.60000000e+03     4.80000000e+00    -2.49872027e-01     2.95905324e+02    -4.10590089e-01   
    9.64000000e+03     4.82000000e+00    -2.50064165e-01     3.31702165e+02    -4.28209106e-01   
    9.68000000e+03     4.84000000e+00    -2.49774385e-01     3.19087468e+02    -4.20287872e-01   
    9.72000000e+03     4.86000000e+00    -2.49788076e-01     2.84223449e+02    -4.05304109e-01   
    9.76000000e+03     4.88000000e+00    -2.49723238e-01     2.88837968e+02    -4.14077004e-01   
    9.80000000e+03     4.90000000e+00    -2.49763866e-01     3.07845339e+02    -4.16904383e-01   
    9.84000000e+03     4.92000000e+00    -2.49954098e-01     3.33186798e+02    -4.31919529e-01   
    9.88000000e+03     4.94000000e+00    -2.49883178e-01     3.14401219e+02    -4.27218813e-01   
    9.92000000e+03     4.96000000e+00    -2.49933850e-01     3.14288727e+02    -4.34998579e-01   
    9.96000000e+03     4.98000000e+00    -2.49971532e-01     2.85621600e+02    -4.33018372e-01   
    1.00000000e+04     5.00000000e+00    -2.49892911e-01     2.84421335e+02    -4.32813612e-01   
    1.00400000e+04     5.02000000e+00    -2.49971420e-01     2.87560539e+02    -4.42443820e-01   
    1.00800000e+04     5.04000000e+00    -2.49956311e-01     2.78025661e+02    -4.28786181e-01   
    1.01200000e+04     5.06000000e+00    -2.50049404e-01     3.25103942e+02    -4.50247864e-01   
    1.01600000e+04     5.08000000e+00    -2.50250979e-01     3.11395134e+02    -4.42078032e-01   
    1.02000000e+04     5.10000000e+00    -2.49939383e-01     3.42141626e+02    -4.48385972e-01   
    1.02400000e+04     5.12000000e+00    -2.49816672e-01     2.98078975e+02    -4.31186777e-01   
    1.02800000e+04     5.14000000e+00    -2.50043895e-01     3.45017859e+02    -4.52780388e-01   
    1.03200000e+04     5.16000000e+00    -2.49999771e-01     3.28144402e+02    -4.41016170e-01   
    1.03600000e+04     5.18000000e+00    -2.50110274e-01     3.25328466e+02    -4.47253084e-01   
    1.04000000e+04     5.20000000e+00    -2.49957443e-01     2.88292722e+02    -4.30846956e-01   
    1.04400000e+04     5.22000000e+00    -2.49819481e-01     2.91541833e+02    -4.41340150e-01   
    1.04800000e+04     5.24000000e+00    -2.49864089e-01     2.61066724e+02    -4.31103586e-01   
    1.05200000e+04     5.26000000e+00    -2.49889349e-01     2.82615970e+02    -4.44848177e-01   
