# column   1     --> step : The current simulation time step.
# column   2     --> time{picosecond} : The elapsed simulation time.
# column   3     --> conserved : The value of the conserved energy quantity per bead.
# column   4     --> temperature{kelvin} : The current temperature, as obtained from the MD kinetic energy.
# column   5     --> potential : The physical system potential energy.
    0.00000000e+00     0.00000000e+00    -3.09878781e-01     2.86262201e+02    -4.40170858e-01   
    4.00000000e+01     2.00000000e-02    -3.09899825e-01     3.54018556e+02    -4.70711586e-01   
    8.00000000e+01     4.00000000e-02    -3.10055184e-01     3.65785715e+02    -4.74424166e-01   
    1.20000000e+02     6.00000000e-02    -3.10006759e-01     3.41618670e+02    -4.71087635e-01   
    1.60000000e+02     8.00000000e-02    -3.09972532e-01     3.50834545e+02    -4.81893733e-01   
    2.00000000e+02     1.00000000e-01    -3.10064027e-01     3.37969060e+02    -4.76275187e-01   
    2.40000000e+02     1.20000000e-01    -3.09956945e-01     3.02432417e+02    -4.72551835e-01   
    2.80000000e+02     1.40000000e-01    -3.10058123e-01     3.15494835e+02    -4.75539964e-01   
    3.20000000e+02     1.60000000e-01    -3.09978131e-01     2.93655244e+02    -4.65773077e-01   
    3.60000000e+02     1.80000000e-01    -3.10127097e-01     2.82268306e+02    -4.66205724e-01   
    4.00000000e+02     2.00000000e-01    -3.09806902e-01     2.50096320e+02    -4.52419076e-01   
    4.40000000e+02     2.20000000e-01    -3.10134473e-01     3.15479019e+02    -4.83610362e-01   
    4.80000000e+02     2.40000000e-01    -3.09972750e-01     2.97387390e+02    -4.81908092e-01   
    5.20000000e+02     2.60000000e-01    -3.10191575e-01     3.17047277e+02    -4.99330825e-01   
    5.60000000e+02     2.80000000e-01    -3.10090533e-01     3.04986685e+02    -4.96359931e-01   
    6.00000000e+02     3.00000000e-01    -3.10188083e-01     2.54142528e+02    -4.80692158e-01   
    6.40000000e+02     3.20000000e-01    -3.10116367e-01     3.01776214e+02    -4.95574708e-01   
    6.80000000e+02     3.40000000e-01    -3.10003127e-01     2.97946437e+02    -4.93078233e-01   
    7.20000000e+02     3.60000000e-01    -3.10186360e-01     2.78630145e+02    -4.87963384e-01   
    7.60000000e+02     3.80000000e-01    -3.10193100e-01     2.98881511e+02    -5.05051530e-01   
    8.00000000e+02     4.00000000e-01    -3.10021287e-01     2.86207921e+02    -5.07596080e-01   
    8.40000000e+02     4.20000000e-01    -3.10027566e-01     2.55814876e+02    -4.97231887e-01   
    8.80000000e+02     4.40000000e-01    -3.10166614e-01     2.89960555e+02    -5.13088185e-01   
    9.20000000e+02     4.60000000e-01    -3.10129925e-01     2.68690564e+02    -5.08333810e-01   
    9.60000000e+02     4.80000000e-01    -3.10156790e-01     2.72255558e+02    -5.04044088e-01   
    1.00000000e+03     5.00000000e-01    -3.10268456e-01     2.69944270e+02    -4.97575163e-01   
    1.04000000e+03     5.20000000e-01    -3.10090933e-01     2.63352211e+02    -5.00501795e-01   
    1.08000000e+03     5.40000000e-01    -3.10160651e-01     2.63877066e+02    -4.94412179e-01   
    1.12000000e+03     5.60000000e-01    -3.10094081e-01     2.46188697e+02    -4.88250092e-01   
    1.16000000e+03     5.80000000e-01    -3.10236090e-01     2.57751125e+02    -4.90754658e-01   
    1.20000000e+03     6.00000000e-01    -3.09994542e-01     2.55973165e+02    -4.89066424e-01   
    1.24000000e+03     6.20000000e-01    -3.10165092e-01     2.60554114e+02    -4.91740165e-01   
    1.28000000e+03     6.40000000e-01    -3.10139168e-01     2.98801968e+02    -5.00650654e-01   
    1.32000000e+03     6.60000000e-01    -3.10168180e-01     2.68702257e+02    -4.98689745e-01   
    1.36000000e+03     6.80000000e-01    -3.10161511e-01     2.99187196e+02    -5.07170725e-01   
    1.40000000e+03     7.00000000e-01    -3.10093922e-01     2.66313252e+02    -4.93073458e-01   
    1.44000000e+03     7.20000000e-01    -3.10196608e-01     3.19985217e+02    -5.16729815e-01   
    1.48000000e+03     7.40000000e-01    -3.10115196e-01     3.15528191e+02    -5.14478216e-01   
    1.52000000e+03     7.60000000e-01    -3.10077609e-01     3.20070159e+02    -5.16881926e-01   
    1.56000000e+03     7.80000000e-01    -3.10180872e-01     3.25952067e+02    -5.24771617e-01   
    1.60000000e+03     8.00000000e-01    -3.10100436e-01     3.20758792e+02    -5.13355577e-01   
    1.64000000e+03     8.20000000e-01    -3.10228544e-01     3.39183232e+02    -5.10790685e-01   
    1.68000000e+03     8.40000000e-01    -3.10033146e-01     3.19546191e+02    -5.04540873e-01   
    1.72000000e+03     8.60000000e-01    -3.10086728e-01     3.04514878e+02    -5.06610006e-01   
    1.76000000e+03     8.80000000e-01    -3.10132285e-01     2.93528476e+02    -5.00095355e-01   
    1.80000000e+03     9.00000000e-01    -3.09996842e-01     2.81374974e+02    -4.92368064e-01   
    1.84000000e+03     9.20000000e-01    -3.10151376e-01     3.03882531e+02    -4.99605610e-01   
    1.88000000e+03     9.40000000e-01    -3.10033829e-01     2.82992026e+02    -4.84492660e-01   
    1.92000000e+03     9.60000000e-01    -3.10049116e-01     2.75157400e+02    -4.91256050e-01   
    1.96000000e+03     9.80000000e-01    -3.10132479e-01     3.12299658e+02    -5.08200407e-01   
    2.00000000e+03     1.00000000e+00    -3.10120635e-01     2.74416344e+02    -4.86826287e-01   
    2.04000000e+03     1.02000000e+00    -3.10083369e-01     3.02859623e+02    -4.91005426e-01   
    2.08000000e+03     1.04000000e+00    -3.09997048e-01     2.93554579e+02    -4.72558759e-01   
    2.12000000e+03     1.06000000e+00    -3.10049620e-01     3.22046872e+02    -4.87187109e-01   
    2.16000000e+03     1.08000000e+00    -3.09967903e-01     2.79391873e+02    -4.65682985e-01   
    2.20000000e+03     1.10000000e+00    -3.10011961e-01     3.00235798e+02    -4.78693016e-01   
    2.24000000e+03     1.12000000e+00    -3.10128266e-01     3.05569481e+02    -4.87965861e-01   
    2.28000000e+03     1.14000000e+00    -3.10093847e-01     2.97861363e+02    -4.90863791e-01   
    2.32000000e+03     1.16000000e+00    -3.10056536e-01     2.99057722e+02    -4.89228530e-01   
    2.36000000e+03     1.18000000e+00    -3.10087632e-01     3.01499835e+02    -4.81035933e-01   
    2.40000000e+03     1.20000000e+00    -3.09966994e-01     3.10768248e+02    -4.81353459e-01   
    2.44000000e+03     1.22000000e+00    -3.10047349e-01     2.94745086e+02    -4.86106661e-01   
    2.48000000e+03     1.24000000e+00    -3.10156907e-01     3.12827573e+02    -4.93350132e-01   
    2.52000000e+03     1.26000000e+00    -3.09877540e-01     3.24604274e+02    -4.86428674e-01   
    2.56000000e+03     1.28000000e+00    -3.09980363e-01     3.09139060e+02    -4.90117182e-01   
    2.60000000e+03     1.30000000e+00    -3.10221123e-01     3.32261137e+02    -4.97090893e-01   
    2.64000000e+03     1.32000000e+00    -3.09990424e-01     2.97182434e+02    -4.79217127e-01   
    2.68000000e+03     1.34000000e+00    -3.10031193e-01     3.00154154e+02    -4.76065050e-01   
    2.72000000e+03     1.36000000e+00    -3.10014214e-01     2.78820430e+02    -4.71260999e-01   
    2.76000000e+03     1.38000000e+00    -3.10080125e-01     3.06972372e+02    -4.89285956e-01   
    2.80000000e+03     1.40000000e+00    -3.10019931e-01     3.14440707e+02    -4.93993010e-01   
    2.84000000e+03     1.42000000e+00    -3.10016337e-01     3.27711906e+02    -4.97102327e-01   
    2.88000000e+03     1.44000000e+00    -3.10022682e-01     3.41223581e+02    -4.93486766e-01   
    2.92000000e+03     1.46000000e+00    -3.09896393e-01     3.20583370e+02    -4.82198756e-01   
    2.96000000e+03     1.48000000e+00    -3.10123780e-01     3.18187853e+02    -4.82291254e-01   
    3.00000000e+03     1.50000000e+00    -3.09928727e-01     3.47752858e+02    -4.84505997e-01   
    3.04000000e+03     1.52000000e+00    -3.10175610e-01     3.50507926e+02    -5.01825465e-01   
    3.08000000e+03     1.54000000e+00    -3.10053961e-01     3.13425475e+02    -4.88169476e-01   
    3.12000000e+03     1.56000000e+00    -3.10095200e-01     3.16083833e+02    -4.90695975e-01   
    3.16000000e+03     1.58000000e+00    -3.10042954e-01     3.24403274e+02    -4.95514611e-01   
    3.20000000e+03     1.60000000e+00    -3.10098126e-01     3.07145610e+02    -4.91683407e-01   
    3.24000000e+03     1.62000000e+00    -3.10148998e-01     3.03882366e+02    -4.94505812e-01   
    3.28000000e+03     1.64000000e+00    -3.09978605e-01     2.74625136e+02    -4.85269050e-01   
    3.32000000e+03     1.66000000e+00    -3.10160674e-01     2.51602768e+02    -4.77792605e-01   
    3.36000000e+03     1.68000000e+00    -3.10009777e-01     2.87205736e+02    -4.89738174e-01   
    3.40000000e+03     1.70000000e+00    -3.10005244e-01     3.16473916e+02    -4.88302459e-01   
    3.44000000e+03     1.72000000e+00    -3.10081183e-01     3.04955463e+02    -4.84264933e-01   
    3.48000000e+03     1.74000000e+00    -3.09995116e-01     3.11238586e+02    -4.67140686e-01   
    3.52000000e+03     1.76000000e+00    -3.09902618e-01     3.23825419e+02    -4.74170418e-01   
    3.56000000e+03     1.78000000e+00    -3.09949717e-01     3.29403011e+02    -4.90571277e-01   
    3.60000000e+03     1.80000000e+00    -3.10188958e-01     2.88665935e+02    -4.84155482e-01   
    3.64000000e+03     1.82000000e+00    -3.10006195e-01     2.78405025e+02    -4.82485452e-01   
    3.68000000e+03     1.84000000e+00    -3.10298602e-01     3.09373506e+02    -4.94745979e-01   
    3.72000000e+03     1.86000000e+00    -3.09943197e-01     2.82216618e+02    -4.76923336e-01   
    3.76000000e+03     1.88000000e+00    -3.10081494e-01     2.74993330e+02    -4.86818364e-01   
    3.80000000e+03     1.90000000e+00    -3.10103094e-01     2.94048882e+02    -4.91249659e-01   
    3.84000000e+03     1.92000000e+00    -3.10101624e-01     2.71359250e+02    -4.89643261e-01   
    3.88000000e+03     1.94000000e+00    -3.10149237e-01     2.85408352e+02    -4.93546603e-01   
    3.92000000e+03     1.96000000e+00    -3.10089419e-01     2.76629229e+02    -4.89770021e-01   
    3.96000000e+03     1.98000000e+00    -3.10113150e-01     3.02658873e+02    -4.95423250e-01   
    4.00000000e+03     2.00000000e+00    -3.10175070e-01     2.97957273e+02    -4.90622731e-01   
    4.04000000e+03     2.02000000e+00    -3.10157968e-01     2.85256095e+02    -4.88647208e-01   
    4.08000000e+03     2.04000000e+00    -3.10088456e-01     3.11390720e+02    -4.89787031e-01   
    4.12000000e+03     2.06000000e+00    -3.10186734e-01     2.93374191e+02    -4.95318294e-01   
    4.16000000e+03     2.08000000e+00    -3.10077098e-01     2.66205028e+02    -4.81998988e-01   
    4.20000000e+03     2.10000000e+00    -3.10155338e-01     2.66058131e+02    -4.85585443e-01   
    4.24000000e+03     2.12000000e+00    -3.10015835e-01     2.72200169e+02    -4.84629336e-01   
    4.28000000e+03     2.14000000e+00    -3.10182321e-01     2.82139266e+02    -4.84632078e-01   
    4.32000000e+03     2.16000000e+00    -3.10111572e-01     2.95633289e+02    -4.81796902e-01   
    4.36000000e+03     2.18000000e+00    -3.10036471e-01     2.92507228e+02    -4.77944871e-01   
    4.40000000e+03     2.20000000e+00    -3.10037379e-01     2.69607731e+02    -4.65576463e-01   
    4.44000000e+03     2.22000000e+00    -3.09952152e-01     2.74653338e+02    -4.62409478e-01   
    4.48000000e+03     2.24000000e+00    -3.10067914e-01     2.98848564e+02    -4.72159570e-01   
    4.52000000e+03     2.26000000e+00    -3.09959658e-01     2.91013016e+02    -4.64607321e-01   
    4.56000000e+03     2.28000000e+00    -3.10040313e-01     2.74516345e+02    -4.63887839e-01   
    4.60000000e+03     2.30000000e+00    -3.09960150e-01     2.81535160e+02    -4.71308804e-01   
    4.64000000e+03     2.32000000e+00    -3.10073372e-01     3.10466255e+02    -4.83339480e-01   
    4.68000000e+03     2.34000000e+00    -3.10018571e-01     3.06082795e+02    -4.81018252e-01   
    4.72000000e+03     2.36000000e+00    -3.09963486e-01     3.08036490e+02    -4.76863356e-01   
    4.76000000e+03     2.38000000e+00    -3.09983224e-01     3.13645869e+02    -4.84507701e-01   
    4.80000000e+03     2.40000000e+00    -3.10022294e-01     3.33871634e+02    -4.88645192e-01   
    4.84000000e+03     2.42000000e+00    -3.10064623e-01     3.14608313e+02    -4.76942867e-01   
    4.88000000e+03     2.44000000e+00    -3.10015762e-01     3.27389369e+02    -4.77330028e-01   
    4.92000000e+03     2.46000000e+00    -3.09918656e-01     3.17926092e+02    -4.69756734e-01   
    4.96000000e+03     2.48000000e+00    -3.09944666e-01     3.34295971e+02    -4.70879202e-01   
    5.00000000e+03     2.50000000e+00    -3.09855880e-01     3.04194906e+02    -4.58207651e-01   
    5.04000000e+03     2.52000000e+00    -3.10116079e-01     3.17768088e+02    -4.72827391e-01   
    5.08000000e+03     2.54000000e+00    -3.10002335e-01     2.95277327e+02    -4.63762204e-01   
    5.12000000e+03     2.56000000e+00    -3.10045092e-01     3.46553114e+02    -4.76995580e-01   
    5.16000000e+03     2.58000000e+00    -3.09982195e-01     3.18730227e+02    -4.64550764e-01   
    5.20000000e+03     2.60000000e+00    -3.10043973e-01     2.97018675e+02    -4.53976696e-01   
    5.24000000e+03     2.62000000e+00    -3.09851665e-01     3.22467501e+02    -4.63875744e-01   
    5.28000000e+03     2.64000000e+00    -3.10007363e-01     2.77192124e+02    -4.46174864e-01   
    5.32000000e+03     2.66000000e+00    -3.10059586e-01     3.23720209e+02    -4.68897967e-01   
    5.36000000e+03     2.68000000e+00    -3.09911454e-01     2.87545993e+02    -4.61724153e-01   
    5.40000000e+03     2.70000000e+00    -3.09993648e-01     3.55710492e+02    -4.72170695e-01   
    5.44000000e+03     2.72000000e+00    -3.09963662e-01     3.59785548e+02    -4.72360965e-01   
    5.48000000e+03     2.74000000e+00    -3.09955917e-01     3.27800658e+02    -4.48459408e-01   
    5.52000000e+03     2.76000000e+00    -3.09930760e-01     3.01726676e+02    -4.53461411e-01   
    5.56000000e+03     2.78000000e+00    -3.10080938e-01     3.23469774e+02    -4.70147265e-01   
    5.60000000e+03     2.80000000e+00    -3.10084661e-01     3.24838084e+02    -4.68311118e-01   
    5.64000000e+03     2.82000000e+00    -3.10044555e-01     3.26403335e+02    -4.65029749e-01   
    5.68000000e+03     2.84000000e+00    -3.09831884e-01     2.96349634e+02    -4.46871012e-01   
    5.72000000e+03     2.86000000e+00    -3.10100959e-01     3.17530838e+02    -4.62437628e-01   
    5.76000000e+03     2.88000000e+00    -3.09892452e-01     3.05538586e+02    -4.51553060e-01   
    5.80000000e+03     2.90000000e+00    -3.09993840e-01     3.29256988e+02    -4.70341508e-01   
    5.84000000e+03     2.92000000e+00    -3.10048522e-01     3.50108304e+02    -4.79266365e-01   
    5.88000000e+03     2.94000000e+00    -3.10112721e-01     3.09984403e+02    -4.66391825e-01   
    5.92000000e+03     2.96000000e+00    -3.09939663e-01     2.87955772e+02    -4.49919278e-01   
    5.96000000e+03     2.98000000e+00    -3.09805246e-01     3.06314310e+02    -4.65348949e-01   
    6.00000000e+03     3.00000000e+00    -3.10127006e-01     3.14133457e+02    -4.70823201e-01   
    6.04000000e+03     3.02000000e+00    -3.10020380e-01     3.17654356e+02    -4.78576640e-01   
    6.08000000e+03     3.04000000e+00    -3.10071283e-01     2.99244116e+02    -4.75867944e-01   
    6.12000000e+03     3.06000000e+00    -3.10028753e-01     2.92287151e+02    -4.75813910e-01   
    6.16000000e+03     3.08000000e+00    -3.10053024e-01     3.35755308e+02    -4.78070617e-01   
    6.20000000e+03     3.10000000e+00    -3.10061634e-01     2.97043656e+02    -4.65332951e-01   
    6.24000000e+03     3.12000000e+00    -3.09975386e-01     3.08180428e+02    -4.72706239e-01   
    6.28000000e+03     3.14000000e+00    -3.10179780e-01     2.78657756e+02    -4.69811154e-01   
    6.32000000e+03     3.16000000e+00    -3.09962210e-01     2.81724208e+02    -4.68094510e-01   
    6.36000000e+03     3.18000000e+00    -3.10100579e-01     2.97506295e+02    -4.68734262e-01   
    6.40000000e+03     3.20000000e+00    -3.09909155e-01     2.87184065e+02    -4.63419668e-01   
    6.44000000e+03     3.22000000e+00    -3.10112695e-01     2.85635103e+02    -4.70116053e-01   
    6.48000000e+03     3.24000000e+00    -3.10117236e-01     2.80914635e+02    -4.72235841e-01   
    6.52000000e+03     3.26000000e+00    -3.10027071e-01     3.07659414e+02    -4.79402203e-01   
    6.56000000e+03     3.28000000e+00    -3.10068409e-01     2.98517407e+02    -4.64103275e-01   
    6.60000000e+03     3.30000000e+00    -3.10129124e-01     3.40921214e+02    -4.82330258e-01   
    6.64000000e+03     3.32000000e+00    -3.09837415e-01     2.99558929e+02    -4.65250922e-01   
    6.68000000e+03     3.34000000e+00    -3.10053066e-01     3.22785784e+02    -4.83370750e-01   
    6.72000000e+03     3.36000000e+00    -3.10130520e-01     2.86856285e+02    -4.72474472e-01   
    6.76000000e+03     3.38000000e+00    -3.09820733e-01     3.08615063e+02    -4.69689229e-01   
    6.80000000e+03     3.40000000e+00    -3.10059786e-01     3.01183033e+02    -4.67832070e-01   
    6.84000000e+03     3.42000000e+00    -3.10042378e-01     3.19075282e+02    -4.72552583e-01   
    6.88000000e+03     3.44000000e+00    -3.09942392e-01     3.07020361e+02    -4.68874837e-01   
    6.92000000e+03     3.46000000e+00    -3.10073255e-01     3.50283265e+02    -4.89755325e-01   
    6.96000000e+03     3.48000000e+00    -3.10061732e-01     3.07002748e+02    -4.75844083e-01   
    7.00000000e+03     3.50000000e+00    -3.09896022e-01     2.92052755e+02    -4.62135882e-01   
    7.04000000e+03     3.52000000e+00    -3.10099755e-01     3.13689228e+02    -4.88973485e-01   
    7.08000000e+03     3.54000000e+00    -3.09960592e-01     2.90205660e+02    -4.80371411e-01   
    7.12000000e+03     3.56000000e+00    -3.10140976e-01     2.72694412e+02    -4.70299849e-01   
    7.16000000e+03     3.58000000e+00    -3.10014865e-01     3.02134491e+02    -4.82139731e-01   
    7.20000000e+03     3.60000000e+00    -3.10077358e-01     3.23683860e+02    -4.92186716e-01   
    7.24000000e+03     3.62000000e+00    -3.09927570e-01     3.25267982e+02    -4.84523784e-01   
    7.28000000e+03     3.64000000e+00    -3.10038879e-01     2.85502367e+02    -4.71931690e-01   
    7.32000000e+03     3.66000000e+00    -3.09948111e-01     2.76290033e+02    -4.68644840e-01   
    7.36000000e+03     3.68000000e+00    -3.10048716e-01     3.12994673e+02    -4.90890082e-01   
    7.40000000e+03     3.70000000e+00    -3.10030509e-01     3.44274017e+02    -4.93623169e-01   
    7.44000000e+03     3.72000000e+00    -3.10031602e-01     2.98214907e+02    -4.71621974e-01   
    7.48000000e+03     3.74000000e+00    -3.10006197e-01     2.94018046e+02    -4.70873007e-01   
    7.52000000e+03     3.76000000e+00    -3.10075270e-01     3.13527747e+02    -4.88473254e-01   
    7.56000000e+03     3.78000000e+00    -3.10023346e-01     3.14200360e+02    -4.80506405e-01   
    7.60000000e+03     3.80000000e+00    -3.10162150e-01     3.20436549e+02    -4.79176045e-01   
    7.64000000e+03     3.82000000e+00    -3.10128307e-01     3.43193272e+02    -4.91450296e-01   
    7.68000000e+03     3.84000000e+00    -3.09943521e-01     2.89148788e+02    -4.65702009e-01   
    7.72000000e+03     3.86000000e+00    -3.10104391e-01     2.79048599e+02    -4.77123509e-01   
    7.76000000e+03     3.88000000e+00    -3.10055360e-01     2.91032290e+02    -4.85217319e-01   
    7.80000000e+03     3.90000000e+00    -3.10170437e-01     3.39930630e+02    -5.00682389e-01   
    7.84000000e+03     3.92000000e+00    -3.10047312e-01     2.75714382e+02    -4.77482476e-01   
    7.88000000e+03     3.94000000e+00    -3.10346734e-01     2.87500789e+02    -4.86903211e-01   
    7.92000000e+03     3.96000000e+00    -3.10132878e-01     2.78411843e+02    -4.91585962e-01   
    7.96000000e+03     3.98000000e+00    -3.10174503e-01     2.66983455e+02    -4.84441824e-01   
    8.00000000e+03     4.00000000e+00    -3.10046209e-01     2.43150693e+02    -4.78793006e-01   
    8.04000000e+03     4.02000000e+00    -3.10163027e-01     2.72752390e+02    -4.84676959e-01   
    8.08000000e+03     4.04000000e+00    -3.10124079e-01     3.06308086e+02    -4.91654541e-01   
    8.12000000e+03     4.06000000e+00    -3.10179421e-01     3.32675787e+02    -4.89486053e-01   
    8.16000000e+03     4.08000000e+00    -3.10168633e-01     3.30585922e+02    -4.96429618e-01   
    8.20000000e+03     4.10000000e+00    -3.09991091e-01     3.09700155e+02    -4.91529298e-01   
    8.24000000e+03     4.12000000e+00    -3.10183120e-01     3.35058102e+02    -5.04796536e-01   
    8.28000000e+03     4.14000000e+00    -3.10175556e-01     2.95282376e+02    -4.97059610e-01   
    8.32000000e+03     4.16000000e+00    -3.10242201e-01     2.94117110e+02    -4.92392124e-01   
    8.36000000e+03     4.18000000e+00    -3.10022592e-01     2.73951987e+02    -4.85521952e-01   
    8.40000000e+03     4.20000000e+00    -3.10184211e-01     2.82841823e+02    -5.00452664e-01   
    8.44000000e+03     4.22000000e+00    -3.10162644e-01     2.75497259e+02    -4.97045083e-01   
    8.48000000e+03     4.24000000e+00    -3.10163909e-01     2.58509157e+02    -4.94333839e-01   
    8.52000000e+03     4.26000000e+00    -3.10079649e-01     2.73527476e+02    -4.96748040e-01   
    8.56000000e+03     4.28000000e+00    -3.10138403e-01     2.76961292e+02    -4.87727721e-01   
    8.60000000e+03     4.30000000e+00    -3.10161518e-01     3.05671007e+02    -4.93777489e-01   
    8.64000000e+03     4.32000000e+00    -3.10277221e-01     3.31166595e+02    -4.96940655e-01   
    8.68000000e+03     4.34000000e+00    -3.10005880e-01     3.07390207e+02    -4.91658332e-01   
    8.72000000e+03     4.36000000e+00    -3.10161774e-01     3.27633996e+02    -5.02408261e-01   
    8.76000000e+03     4.38000000e+00    -3.10217884e-01     3.32441068e+02    -5.03506759e-01   
    8.80000000e+03     4.40000000e+00    -3.10076391e-01     3.09769254e+02    -4.98226175e-01   
    8.84000000e+03     4.42000000e+00    -3.10056696e-01     2.82926660e+02    -4.83897074e-01   
    8.88000000e+03     4.44000000e+00    -3.10237985e-01     2.93591695e+02    -4.88776641e-01   
    8.92000000e+03     4.46000000e+00    -3.10131404e-01     2.72276881e+02    -4.79745901e-01   
    8.96000000e+03     4.48000000e+00    -3.10274432e-01     3.12424227e+02    -4.89754541e-01   
    9.00000000e+03     4.50000000e+00    -3.09990997e-01     2.83008081e+02    -4.81408344e-01   
    9.04000000e+03     4.52000000e+00    -3.10269808e-01     2.94390164e+02    -4.79970841e-01   
    9.08000000e+03     4.54000000e+00    -3.10115709e-01     3.09150931e+02    -4.82003855e-01   
    9.12000000e+03     4.56000000e+00    -3.10201043e-01     3.12657054e+02    -4.93488541e-01   
    9.16000000e+03     4.58000000e+00    -3.09879110e-01     2.72204367e+02    -4.77287584e-01   
    9.20000000e+03     4.60000000e+00    -3.10223945e-01     3.30651866e+02    -4.98921138e-01   
    9.24000000e+03     4.62000000e+00    -3.10432842e-01     3.33069186e+02    -5.02678524e-01   
    9.28000000e+03     4.64000000e+00    -3.10038112e-01     2.93790762e+02    -4.80798380e-01   
    9.32000000e+03     4.66000000e+00    -3.10056983e-01     3.22366037e+02    -4.81562041e-01   
    9.36000000e+03     4.68000000e+00    -3.10095464e-01     3.25406311e+02    -4.87995841e-01   
    9.40000000e+03     4.70000000e+00    -3.10305668e-01     3.13676069e+02    -4.86480345e-01   
    9.44000000e+03     4.72000000e+00    -3.10029428e-01     3.13655668e+02    -4.83468297e-01   
    9.48000000e+03     4.74000000e+00    -3.10268254e-01     3.14566050e+02    -4.86214545e-01   
    9.52000000e+03     4.76000000e+00    -3.10069043e-01     2.78335608e+02    -4.70206450e-01   
    9.56000000e+03     4.78000000e+00    -3.10046038e-01     2.97091246e+02    -4.65196869e-01   
    9.60000000e+03     4.80000000e+00    -3.10140491e-01     3.46848580e+02    -4.90095225e-01   
    9.64000000e+03     4.82000000e+00    -3.10280405e-01     3.47304915e+02    -4.94365374e-01   
    9.68000000e+03     4.84000000e+00    -3.10152782e-01     3.20587658e+02    -4.80767543e-01   
    9.72000000e+03     4.86000000e+00    -3.09897648e-01     3.02129211e+02    -4.74779023e-01   
    9.76000000e+03     4.88000000e+00    -3.10451535e-01     3.58309537e+02    -5.06498492e-01   
    9.80000000e+03     4.90000000e+00    -3.10133011e-01     3.15189916e+02    -4.82782195e-01   
    9.84000000e+03     4.92000000e+00    -3.10334884e-01     3.38785784e+02    -4.94053711e-01   
    9.88000000e+03     4.94000000e+00    -3.09982189e-01     3.03004761e+02    -4.80114008e-01   
    9.92000000e+03     4.96000000e+00    -3.10308202e-01     3.43995551e+02    -5.08181652e-01   
    9.96000000e+03     4.98000000e+00    -3.10220798e-01     3.01012737e+02    -4.99646013e-01   
    1.00000000e+04     5.00000000e+00    -3.10095175e-01     2.89544105e+02    -4.97920568e-01   
