# column   1     --> step : The current simulation time step.
# column   2     --> time{picosecond} : The elapsed simulation time.
# column   3     --> conserved : The value of the conserved energy quantity per bead.
# column   4     --> temperature{kelvin} : The current temperature, as obtained from the MD kinetic energy.
# column   5     --> kinetic_cv : The centroid-virial quantum kinetic energy of the physical system.
# column   6     --> potential : The physical system potential energy.
    0.00000000e+00     0.00000000e+00     1.33206067e+00     4.90457621e+02     2.28010694e-01    -4.40170858e-01   
    1.00000000e+02     5.00000000e-02     1.33276438e+00     5.07585153e+02     4.18905339e-01    -2.12686235e-01   
    2.00000000e+02     1.00000000e-01     1.33207055e+00     4.96622340e+02     4.16352864e-01    -1.91634723e-01   
    3.00000000e+02     1.50000000e-01     1.33268512e+00     5.21218839e+02     4.48872206e-01    -1.38440338e-01   
    4.00000000e+02     2.00000000e-01     1.33196958e+00     4.96292115e+02     4.52262035e-01    -1.45572749e-01   
    5.00000000e+02     2.50000000e-01     1.33072944e+00     5.12981401e+02     4.66220450e-01    -1.13139769e-01   
    6.00000000e+02     3.00000000e-01     1.33213240e+00     5.19090137e+02     4.34086588e-01    -1.48069886e-01   
    7.00000000e+02     3.50000000e-01     1.33207956e+00     4.96082629e+02     4.49268858e-01    -1.27766617e-01   
    8.00000000e+02     4.00000000e-01     1.33020807e+00     4.97812698e+02     4.51875627e-01    -1.26179232e-01   
    9.00000000e+02     4.50000000e-01     1.33229986e+00     4.99857071e+02     4.37517123e-01    -1.11986059e-01   
    1.00000000e+03     5.00000000e-01     1.33144736e+00     4.90991076e+02     4.51639570e-01    -1.37890476e-01   
    1.10000000e+03     5.50000000e-01     1.32995311e+00     4.96316355e+02     4.44050929e-01    -1.60916984e-01   
    1.20000000e+03     6.00000000e-01     1.32956496e+00     5.08066262e+02     4.82547224e-01    -1.03751767e-01   
    1.30000000e+03     6.50000000e-01     1.32799431e+00     4.98485385e+02     4.35241276e-01    -1.19385844e-01   
    1.40000000e+03     7.00000000e-01     1.32761974e+00     4.74694766e+02     4.46272416e-01    -1.43336577e-01   
    1.50000000e+03     7.50000000e-01     1.32814548e+00     5.14406756e+02     4.60090905e-01    -1.22145684e-01   
    1.60000000e+03     8.00000000e-01     1.33043917e+00     4.86412886e+02     4.42612532e-01    -9.75294117e-02   
    1.70000000e+03     8.50000000e-01     1.33276607e+00     4.93545516e+02     4.38731500e-01    -1.36553563e-01   
    1.80000000e+03     9.00000000e-01     1.33532061e+00     4.97236983e+02     4.46828143e-01    -1.43532019e-01   
    1.90000000e+03     9.50000000e-01     1.33586882e+00     5.00864157e+02     4.64603503e-01    -9.25559921e-02   
    2.00000000e+03     1.00000000e+00     1.33768185e+00     4.84062226e+02     4.53318728e-01    -1.16230464e-01   
    2.10000000e+03     1.05000000e+00     1.33822916e+00     4.80845502e+02     4.40232044e-01    -8.66606205e-02   
    2.20000000e+03     1.10000000e+00     1.33747682e+00     5.06793887e+02     4.43097015e-01    -1.28991443e-01   
    2.30000000e+03     1.15000000e+00     1.33744140e+00     5.05954230e+02     4.43131129e-01    -1.09061114e-01   
    2.40000000e+03     1.20000000e+00     1.34117812e+00     4.78287088e+02     4.59807151e-01    -1.00379912e-01   
    2.50000000e+03     1.25000000e+00     1.33975146e+00     4.99762296e+02     4.49390486e-01    -1.17843311e-01   
    2.60000000e+03     1.30000000e+00     1.34000558e+00     4.93875875e+02     4.72124332e-01    -1.01901242e-01   
    2.70000000e+03     1.35000000e+00     1.34007488e+00     4.88322242e+02     4.37644290e-01    -1.41235272e-01   
    2.80000000e+03     1.40000000e+00     1.34087200e+00     5.02432759e+02     4.58152005e-01    -9.36587261e-02   
    2.90000000e+03     1.45000000e+00     1.34223116e+00     5.03003667e+02     4.48313310e-01    -1.17829826e-01   
    3.00000000e+03     1.50000000e+00     1.34355066e+00     5.33364683e+02     4.38166119e-01    -1.24379893e-01   
    3.10000000e+03     1.55000000e+00     1.34470338e+00     4.99749950e+02     4.11940134e-01    -1.50950246e-01   
    3.20000000e+03     1.60000000e+00     1.34526550e+00     4.93368531e+02     4.37992845e-01    -6.86213140e-02   
    3.30000000e+03     1.65000000e+00     1.34660452e+00     5.21493633e+02     4.24053230e-01    -1.06241213e-01   
    3.40000000e+03     1.70000000e+00     1.34552599e+00     5.23279257e+02     4.37233961e-01    -9.59071857e-02   
    3.50000000e+03     1.75000000e+00     1.34705331e+00     5.12309768e+02     4.46733424e-01    -1.05280699e-01   
    3.60000000e+03     1.80000000e+00     1.35016514e+00     4.74568426e+02     4.22714985e-01    -1.21927954e-01   
    3.70000000e+03     1.85000000e+00     1.34956111e+00     5.03854923e+02     4.26123613e-01    -1.22428599e-01   
    3.80000000e+03     1.90000000e+00     1.35148891e+00     4.86699330e+02     4.45443701e-01    -1.22543866e-01   
    3.90000000e+03     1.95000000e+00     1.34960223e+00     5.26540951e+02     4.58984456e-01    -1.25054298e-01   
    4.00000000e+03     2.00000000e+00     1.35066495e+00     5.04679172e+02     4.49113872e-01    -1.36830893e-01   
    4.10000000e+03     2.05000000e+00     1.35050287e+00     5.18976249e+02     4.44005471e-01    -1.20433080e-01   
    4.20000000e+03     2.10000000e+00     1.35046212e+00     5.25774193e+02     4.85968227e-01    -6.89701194e-02   
    4.30000000e+03     2.15000000e+00     1.35228618e+00     5.07247668e+02     4.31461152e-01    -1.21386432e-01   
    4.40000000e+03     2.20000000e+00     1.35447493e+00     5.00210464e+02     4.50381674e-01    -8.78770497e-02   
    4.50000000e+03     2.25000000e+00     1.35313665e+00     5.15671468e+02     4.51938573e-01    -1.00925861e-01   
    4.60000000e+03     2.30000000e+00     1.35229105e+00     5.00315605e+02     4.29065811e-01    -1.15381000e-01   
    4.70000000e+03     2.35000000e+00     1.35125601e+00     4.96300754e+02     4.27349285e-01    -1.21137672e-01   
    4.80000000e+03     2.40000000e+00     1.35043368e+00     4.93882490e+02     4.48134595e-01    -1.36454620e-01   
    4.90000000e+03     2.45000000e+00     1.35032373e+00     5.18073689e+02     4.46039628e-01    -1.02986707e-01   
    5.00000000e+03     2.50000000e+00     1.35202333e+00     5.14607555e+02     4.59768501e-01    -1.06230381e-01   
    5.10000000e+03     2.55000000e+00     1.35307053e+00     4.95100216e+02     4.30381334e-01    -1.20575895e-01   
    5.20000000e+03     2.60000000e+00     1.35063846e+00     5.23229282e+02     4.56448815e-01    -1.15264814e-01   
    5.30000000e+03     2.65000000e+00     1.35292837e+00     5.23075630e+02     4.41503913e-01    -1.04041421e-01   
    5.40000000e+03     2.70000000e+00     1.35334482e+00     4.98622409e+02     4.52572062e-01    -1.21983815e-01   
    5.50000000e+03     2.75000000e+00     1.35488909e+00     5.03156246e+02     4.58269422e-01    -1.06380602e-01   
    5.60000000e+03     2.80000000e+00     1.35590225e+00     4.97778716e+02     4.71070366e-01    -7.68226744e-02   
    5.70000000e+03     2.85000000e+00     1.35724485e+00     4.93751534e+02     4.50262224e-01    -1.28548464e-01   
    5.80000000e+03     2.90000000e+00     1.35555041e+00     5.03708149e+02     4.28499577e-01    -1.28567368e-01   
    5.90000000e+03     2.95000000e+00     1.35698151e+00     4.89012310e+02     4.41830601e-01    -1.50307284e-01   
    6.00000000e+03     3.00000000e+00     1.35609697e+00     5.14883346e+02     4.66181590e-01    -8.52515043e-02   
    6.10000000e+03     3.05000000e+00     1.35787634e+00     4.92134075e+02     4.23962732e-01    -1.39051850e-01   
    6.20000000e+03     3.10000000e+00     1.35855335e+00     5.18028779e+02     4.39181972e-01    -1.09938493e-01   
    6.30000000e+03     3.15000000e+00     1.35873760e+00     5.14658428e+02     4.47433690e-01    -1.29793473e-01   
    6.40000000e+03     3.20000000e+00     1.36059240e+00     4.65969683e+02     4.36273812e-01    -1.23620240e-01   
    6.50000000e+03     3.25000000e+00     1.36041732e+00     4.90144668e+02     4.54438663e-01    -1.43796489e-01   
    6.60000000e+03     3.30000000e+00     1.35831694e+00     5.06993121e+02     4.29474775e-01    -1.64384598e-01   
    6.70000000e+03     3.35000000e+00     1.35851699e+00     4.99901075e+02     4.31621675e-01    -1.75889430e-01   
    6.80000000e+03     3.40000000e+00     1.35794434e+00     4.97947171e+02     4.25696994e-01    -1.51629876e-01   
    6.90000000e+03     3.45000000e+00     1.35851266e+00     4.89785173e+02     4.57226040e-01    -1.49413448e-01   
    7.00000000e+03     3.50000000e+00     1.35991416e+00     5.11430385e+02     4.16481910e-01    -1.34716616e-01   
    7.10000000e+03     3.55000000e+00     1.36143322e+00     5.04185592e+02     4.50523141e-01    -1.15480737e-01   
    7.20000000e+03     3.60000000e+00     1.36378556e+00     4.86968832e+02     4.33595884e-01    -1.20840910e-01   
    7.30000000e+03     3.65000000e+00     1.36405954e+00     4.94400122e+02     4.28850271e-01    -1.47372237e-01   
    7.40000000e+03     3.70000000e+00     1.36661715e+00     4.86025105e+02     4.32834271e-01    -1.39008499e-01   
    7.50000000e+03     3.75000000e+00     1.36519121e+00     4.81317735e+02     4.35580138e-01    -1.05687126e-01   
    7.60000000e+03     3.80000000e+00     1.36726252e+00     4.95034290e+02     4.31492396e-01    -1.42965818e-01   
    7.70000000e+03     3.85000000e+00     1.36735372e+00     4.90538837e+02     4.43407558e-01    -1.44072567e-01   
    7.80000000e+03     3.90000000e+00     1.36562573e+00     5.52126056e+02     4.47792801e-01    -1.25398928e-01   
    7.90000000e+03     3.95000000e+00     1.36795216e+00     5.13323023e+02     4.53687356e-01    -1.41434304e-01   
    8.00000000e+03     4.00000000e+00     1.37015623e+00     5.05140318e+02     4.54805423e-01    -7.65091629e-02   
    8.10000000e+03     4.05000000e+00     1.37076391e+00     4.91551293e+02     4.38147062e-01    -1.22628901e-01   
    8.20000000e+03     4.10000000e+00     1.36765097e+00     5.25629551e+02     4.41182630e-01    -1.52439481e-01   
    8.30000000e+03     4.15000000e+00     1.37069392e+00     5.23794386e+02     4.83434306e-01    -1.03528562e-01   
    8.40000000e+03     4.20000000e+00     1.36972191e+00     5.14061912e+02     4.33154535e-01    -1.77393374e-01   
    8.50000000e+03     4.25000000e+00     1.37183825e+00     4.79613378e+02     4.53913119e-01    -1.57501518e-01   
    8.60000000e+03     4.30000000e+00     1.37163784e+00     4.98403676e+02     4.31588515e-01    -1.81806198e-01   
    8.70000000e+03     4.35000000e+00     1.37282152e+00     5.19014170e+02     4.44043790e-01    -1.45534209e-01   
    8.80000000e+03     4.40000000e+00     1.37610408e+00     4.87499199e+02     4.31403648e-01    -1.28945620e-01   
    8.90000000e+03     4.45000000e+00     1.37681626e+00     5.13463793e+02     4.23445244e-01    -1.42187448e-01   
    9.00000000e+03     4.50000000e+00     1.37444697e+00     5.11746440e+02     4.55518008e-01    -8.17741156e-02   
    9.10000000e+03     4.55000000e+00     1.37322374e+00     5.04956157e+02     4.23651718e-01    -1.67179551e-01   
    9.20000000e+03     4.60000000e+00     1.37229712e+00     5.22888082e+02     4.26909177e-01    -1.44846163e-01   
    9.30000000e+03     4.65000000e+00     1.37588332e+00     5.02929967e+02     4.57224870e-01    -1.09968675e-01   
    9.40000000e+03     4.70000000e+00     1.37773039e+00     5.04085448e+02     4.43506281e-01    -1.06639046e-01   
    9.50000000e+03     4.75000000e+00     1.37783163e+00     5.26184032e+02     4.41951520e-01    -1.16368753e-01   
    9.60000000e+03     4.80000000e+00     1.37737731e+00     5.17554780e+02     4.45408971e-01    -1.02635706e-01   
    9.70000000e+03     4.85000000e+00     1.37790001e+00     5.07018998e+02     4.17896998e-01    -1.53174933e-01   
    9.80000000e+03     4.90000000e+00     1.37967372e+00     4.86940854e+02     4.42541622e-01    -1.45308482e-01   
    9.90000000e+03     4.95000000e+00     1.37651242e+00     5.10386538e+02     4.31764113e-01    -1.29501768e-01   
    1.00000000e+04     5.00000000e+00     1.37725419e+00     5.22584243e+02     4.46352858e-01    -1.46907457e-01   
    1.01000000e+04     5.05000000e+00     1.37589821e+00     5.23668654e+02     4.64408897e-01    -9.83303042e-02   
    1.02000000e+04     5.10000000e+00     1.37845267e+00     4.83677359e+02     4.28136659e-01    -1.58244144e-01   
    1.03000000e+04     5.15000000e+00     1.37923249e+00     5.15510017e+02     4.43940697e-01    -1.55093843e-01   
    1.04000000e+04     5.20000000e+00     1.37970752e+00     5.16968571e+02     4.40441454e-01    -1.51636520e-01   
    1.05000000e+04     5.25000000e+00     1.38161891e+00     4.99749785e+02     4.33959732e-01    -1.48752273e-01   
    1.06000000e+04     5.30000000e+00     1.37880078e+00     5.17423506e+02     4.35300011e-01    -1.51997792e-01   
    1.07000000e+04     5.35000000e+00     1.38053526e+00     5.13725388e+02     4.52580705e-01    -1.17126175e-01   
    1.08000000e+04     5.40000000e+00     1.37990278e+00     5.09097190e+02     4.64188888e-01    -1.20063897e-01   
    1.09000000e+04     5.45000000e+00     1.38147965e+00     4.87034839e+02     4.50538155e-01    -1.18732073e-01   
    1.10000000e+04     5.50000000e+00     1.38071261e+00     5.14640566e+02     4.48009245e-01    -1.37600210e-01   
    1.11000000e+04     5.55000000e+00     1.38320451e+00     4.75710028e+02     4.52598787e-01    -1.26219311e-01   
    1.12000000e+04     5.60000000e+00     1.38272015e+00     5.15462884e+02     4.36514518e-01    -1.41445346e-01   
    1.13000000e+04     5.65000000e+00     1.38428136e+00     4.92873607e+02     4.27163325e-01    -1.46187446e-01   
    1.14000000e+04     5.70000000e+00     1.38647168e+00     4.91694966e+02     4.43512810e-01    -1.13172510e-01   
    1.15000000e+04     5.75000000e+00     1.38674429e+00     5.37870957e+02     4.65982080e-01    -8.66128199e-02   
    1.16000000e+04     5.80000000e+00     1.38714211e+00     5.06142271e+02     4.35149701e-01    -1.48300936e-01   
    1.17000000e+04     5.85000000e+00     1.39015882e+00     4.84209880e+02     4.45795925e-01    -1.41555287e-01   
    1.18000000e+04     5.90000000e+00     1.39351369e+00     5.07508996e+02     4.42912407e-01    -1.57086904e-01   
    1.19000000e+04     5.95000000e+00     1.39403159e+00     4.97460225e+02     4.39480698e-01    -1.61429177e-01   
    1.20000000e+04     6.00000000e+00     1.39350337e+00     4.98272834e+02     4.33468736e-01    -1.53982786e-01   
    1.21000000e+04     6.05000000e+00     1.39292901e+00     4.96665906e+02     4.26793267e-01    -1.67941015e-01   
    1.22000000e+04     6.10000000e+00     1.39346483e+00     4.90561864e+02     4.23698405e-01    -1.28384790e-01   
    1.23000000e+04     6.15000000e+00     1.39475779e+00     4.98095503e+02     4.37771088e-01    -1.24241544e-01   
    1.24000000e+04     6.20000000e+00     1.39705941e+00     4.95523752e+02     4.50837033e-01    -9.93620247e-02   
    1.25000000e+04     6.25000000e+00     1.39581121e+00     5.21665163e+02     4.35139725e-01    -1.24429289e-01   
    1.26000000e+04     6.30000000e+00     1.39588699e+00     4.94632464e+02     4.42019517e-01    -6.63943041e-02   
    1.27000000e+04     6.35000000e+00     1.39536076e+00     4.84259717e+02     4.50531942e-01    -1.02552639e-01   
    1.28000000e+04     6.40000000e+00     1.39624877e+00     5.07219233e+02     4.37452983e-01    -1.26267845e-01   
    1.29000000e+04     6.45000000e+00     1.39816551e+00     5.07214848e+02     4.29687407e-01    -1.56861158e-01   
    1.30000000e+04     6.50000000e+00     1.39719328e+00     5.22887949e+02     4.31735515e-01    -1.85911870e-01   
    1.31000000e+04     6.55000000e+00     1.39737641e+00     4.98044470e+02     4.52864721e-01    -1.44443924e-01   
    1.32000000e+04     6.60000000e+00     1.39632039e+00     4.98287789e+02     4.43408213e-01    -1.22362332e-01   
    1.33000000e+04     6.65000000e+00     1.39646259e+00     5.17553886e+02     4.42751338e-01    -1.77020873e-01   
    1.34000000e+04     6.70000000e+00     1.39825437e+00     5.10030649e+02     4.36987646e-01    -1.59676408e-01   
    1.35000000e+04     6.75000000e+00     1.39977257e+00     4.81917457e+02     4.56414577e-01    -1.51448559e-01   
    1.36000000e+04     6.80000000e+00     1.39982680e+00     5.00269190e+02     4.39175349e-01    -1.31630053e-01   
    1.37000000e+04     6.85000000e+00     1.39940285e+00     4.95315402e+02     4.30751098e-01    -1.46447261e-01   
    1.38000000e+04     6.90000000e+00     1.39995454e+00     5.02989540e+02     4.34535375e-01    -1.51855234e-01   
    1.39000000e+04     6.95000000e+00     1.39993967e+00     5.11595097e+02     4.54910424e-01    -6.14205809e-02   
    1.40000000e+04     7.00000000e+00     1.39684151e+00     4.97120645e+02     4.46734989e-01    -1.01691788e-01   
    1.41000000e+04     7.05000000e+00     1.39829558e+00     5.00429087e+02     4.40038110e-01    -1.65586189e-01   
    1.42000000e+04     7.10000000e+00     1.39954643e+00     4.97083098e+02     4.47882841e-01    -1.38602213e-01   
    1.43000000e+04     7.15000000e+00     1.40036806e+00     4.92390545e+02     4.39287676e-01    -1.30405228e-01   
    1.44000000e+04     7.20000000e+00     1.39898483e+00     5.15684282e+02     4.49883589e-01    -1.26155671e-01   
    1.45000000e+04     7.25000000e+00     1.40075685e+00     4.85566526e+02     4.35995083e-01    -1.06245788e-01   
    1.46000000e+04     7.30000000e+00     1.40106855e+00     4.99402646e+02     4.72887618e-01    -6.73829716e-02   
    1.47000000e+04     7.35000000e+00     1.39964808e+00     4.95120793e+02     4.34110231e-01    -1.12287418e-01   
    1.48000000e+04     7.40000000e+00     1.40100587e+00     4.94430944e+02     4.32859032e-01    -1.19390072e-01   
    1.49000000e+04     7.45000000e+00     1.39898834e+00     5.17183544e+02     4.49132969e-01    -1.02684037e-01   
    1.50000000e+04     7.50000000e+00     1.40138738e+00     4.89414001e+02     4.36564129e-01    -1.24407643e-01   
    1.51000000e+04     7.55000000e+00     1.40179084e+00     4.88996157e+02     4.54900219e-01    -1.22680708e-01   
    1.52000000e+04     7.60000000e+00     1.40313638e+00     4.91519374e+02     4.49757615e-01    -1.13805867e-01   
    1.53000000e+04     7.65000000e+00     1.40420218e+00     4.92968951e+02     4.36275187e-01    -1.17509016e-01   
    1.54000000e+04     7.70000000e+00     1.40401249e+00     4.88496215e+02     4.39346106e-01    -1.08978769e-01   
    1.55000000e+04     7.75000000e+00     1.40473492e+00     4.84304584e+02     4.49591773e-01    -1.13591802e-01   
    1.56000000e+04     7.80000000e+00     1.40351590e+00     5.09305453e+02     4.49078115e-01    -1.27209906e-01   
    1.57000000e+04     7.85000000e+00     1.40252605e+00     5.07587620e+02     4.30053753e-01    -1.43349097e-01   
    1.58000000e+04     7.90000000e+00     1.40403199e+00     5.30379266e+02     4.30054733e-01    -1.37746811e-01   
    1.59000000e+04     7.95000000e+00     1.40564189e+00     5.04314545e+02     4.12313774e-01    -1.68730485e-01   
    1.60000000e+04     8.00000000e+00     1.40640292e+00     5.05470911e+02     4.42145403e-01    -1.48423704e-01   
    1.61000000e+04     8.05000000e+00     1.40670915e+00     5.08010182e+02     4.40969979e-01    -1.10500844e-01   
    1.62000000e+04     8.10000000e+00     1.40668324e+00     4.98683219e+02     4.45684681e-01    -1.17504147e-01   
    1.63000000e+04     8.15000000e+00     1.40592716e+00     4.89603658e+02     4.24955044e-01    -1.51147711e-01   
    1.64000000e+04     8.20000000e+00     1.40662729e+00     4.79832944e+02     4.56014982e-01    -9.51286882e-02   
    1.65000000e+04     8.25000000e+00     1.40537250e+00     5.04822893e+02     4.40264097e-01    -1.48504917e-01   
    1.66000000e+04     8.30000000e+00     1.40461482e+00     5.07214437e+02     4.61302768e-01    -1.02064792e-01   
    1.67000000e+04     8.35000000e+00     1.40770664e+00     4.96317645e+02     4.45601228e-01    -9.56333325e-02   
    1.68000000e+04     8.40000000e+00     1.40587869e+00     5.02980365e+02     4.46341209e-01    -1.53629903e-01   
    1.69000000e+04     8.45000000e+00     1.40844619e+00     4.90518005e+02     4.51366746e-01    -9.42049946e-02   
    1.70000000e+04     8.50000000e+00     1.41155826e+00     4.75562847e+02     4.58304291e-01    -9.33485058e-02   
    1.71000000e+04     8.55000000e+00     1.40845979e+00     4.87848174e+02     4.35790292e-01    -1.33760357e-01   
    1.72000000e+04     8.60000000e+00     1.40678803e+00     5.07517066e+02     4.49875657e-01    -1.37757444e-01   
    1.73000000e+04     8.65000000e+00     1.40760391e+00     5.40958725e+02     4.61677431e-01    -1.10105959e-01   
    1.74000000e+04     8.70000000e+00     1.40651424e+00     5.06290760e+02     4.35796667e-01    -1.29120229e-01   
    1.75000000e+04     8.75000000e+00     1.40504010e+00     4.96663293e+02     4.35970142e-01    -1.09781660e-01   
    1.76000000e+04     8.80000000e+00     1.40715903e+00     4.80427131e+02     4.37769101e-01    -1.17844024e-01   
    1.77000000e+04     8.85000000e+00     1.40785277e+00     5.06815299e+02     4.37459912e-01    -1.02450135e-01   
    1.78000000e+04     8.90000000e+00     1.41021028e+00     4.99084978e+02     4.41750791e-01    -1.35964662e-01   
    1.79000000e+04     8.95000000e+00     1.40860153e+00     5.21195288e+02     4.59012178e-01    -8.55958799e-02   
    1.80000000e+04     9.00000000e+00     1.40978205e+00     5.18083536e+02     4.34161826e-01    -1.06835153e-01   
    1.81000000e+04     9.05000000e+00     1.40958662e+00     4.91455881e+02     4.44515426e-01    -1.00748108e-01   
    1.82000000e+04     9.10000000e+00     1.40937683e+00     5.08238151e+02     4.48620065e-01    -9.67070739e-02   
    1.83000000e+04     9.15000000e+00     1.40923099e+00     5.26409700e+02     4.13053715e-01    -1.48729314e-01   
    1.84000000e+04     9.20000000e+00     1.41079240e+00     5.01167571e+02     4.53736985e-01    -1.11932858e-01   
    1.85000000e+04     9.25000000e+00     1.41054168e+00     4.95735250e+02     4.53045512e-01    -1.16409343e-01   
    1.86000000e+04     9.30000000e+00     1.40931597e+00     5.18825082e+02     4.33615945e-01    -1.30104304e-01   
    1.87000000e+04     9.35000000e+00     1.41082873e+00     5.10905808e+02     4.20554622e-01    -1.43756743e-01   
    1.88000000e+04     9.40000000e+00     1.40904030e+00     5.14057819e+02     4.49865904e-01    -1.38356033e-01   
    1.89000000e+04     9.45000000e+00     1.41097671e+00     5.22119043e+02     4.75512022e-01    -1.09928788e-01   
    1.90000000e+04     9.50000000e+00     1.41235817e+00     4.90969676e+02     4.31351161e-01    -1.66290585e-01   
    1.91000000e+04     9.55000000e+00     1.41172372e+00     5.24246301e+02     4.20958366e-01    -1.66181044e-01   
    1.92000000e+04     9.60000000e+00     1.41273032e+00     4.84668420e+02     4.36303379e-01    -1.29128202e-01   
    1.93000000e+04     9.65000000e+00     1.41520742e+00     4.99106819e+02     4.46530579e-01    -1.28762283e-01   
    1.94000000e+04     9.70000000e+00     1.41457375e+00     5.04585006e+02     4.29248665e-01    -1.36985111e-01   
    1.95000000e+04     9.75000000e+00     1.41673265e+00     5.00992621e+02     4.41842299e-01    -1.51663362e-01   
    1.96000000e+04     9.80000000e+00     1.41787699e+00     5.24215989e+02     4.53438926e-01    -1.49690196e-01   
    1.97000000e+04     9.85000000e+00     1.41641408e+00     4.91528345e+02     4.57678945e-01    -1.20069936e-01   
    1.98000000e+04     9.90000000e+00     1.41637980e+00     5.04206462e+02     4.31251810e-01    -1.41328580e-01   
    1.99000000e+04     9.95000000e+00     1.41622685e+00     4.96862576e+02     4.62450080e-01    -1.47808399e-01   
    2.00000000e+04     1.00000000e+01     1.41834673e+00     4.89551988e+02     4.39725894e-01    -1.24439879e-01   
